#
# There is insufficient memory for the Java Runtime Environment to continue.
# Native memory allocation (malloc) failed to allocate 96896 bytes for Chunk::new
# Possible reasons:
#   The system is out of physical RAM or swap space
#   The process is running with CompressedOops enabled, and the Java Heap may be blocking the growth of the native heap
# Possible solutions:
#   Reduce memory load on the system
#   Increase physical memory or swap space
#   Check if swap backing store is full
#   Decrease Java heap size (-Xmx/-Xms)
#   Decrease number of Java threads
#   Decrease Java thread stack sizes (-Xss)
#   Set larger code cache with -XX:ReservedCodeCacheSize=
#   JVM is running with Unscaled Compressed Oops mode in which the Java heap is
#     placed in the first 4GB address space. The Java Heap base address is the
#     maximum limit for the native heap growth. Please use -XX:HeapBaseMinAddress
#     to set the Java Heap base and to place the Java Heap above 4GB virtual address.
# This output file may be truncated or incomplete.
#
#  Out of Memory Error (./src/hotspot/share/memory/arena.cpp:197), pid=11760, tid=13972
#
# JRE version: OpenJDK Runtime Environment Corretto-11.0.15.9.1 (11.0.15+9) (build 11.0.15+9-LTS)
# Java VM: OpenJDK 64-Bit Server VM Corretto-11.0.15.9.1 (11.0.15+9-LTS, mixed mode, tiered, compressed oops, g1 gc, windows-amd64)
# No core dump will be written. Minidumps are not enabled by default on client versions of Windows
#

---------------  S U M M A R Y ------------

Command Line: --add-opens=java.base/java.util=ALL-UNNAMED --add-opens=java.base/java.lang=ALL-UNNAMED --add-opens=java.base/java.lang.invoke=ALL-UNNAMED --add-opens=java.prefs/java.util.prefs=ALL-UNNAMED -XX:MaxMetaspaceSize=256m -XX:+HeapDumpOnOutOfMemoryError -Xms256m -Xmx512m -Dfile.encoding=windows-1251 -Duser.country=US -Duser.language=en -Duser.variant org.gradle.launcher.daemon.bootstrap.GradleDaemon 6.7

Host: Intel(R) Core(TM) i5-2400 CPU @ 3.10GHz, 4 cores, 7G,  Windows 10 , 64 bit Build 19041 (10.0.19041.1741)
Time: Thu Aug  4 20:06:06 2022 Russia TZ 2 Standard Time elapsed time: 78.071250 seconds (0d 0h 1m 18s)

---------------  T H R E A D  ---------------

Current thread (0x000002689b639000):  JavaThread "C2 CompilerThread0" daemon [_thread_in_native, id=13972, stack(0x000000d458500000,0x000000d458600000)]


Current CompileTask:
C2:  78071 3695   !   4       java.util.zip.ZipFile$CleanableResource::releaseInflater (53 bytes)

Stack: [0x000000d458500000,0x000000d458600000]
Native frames: (J=compiled Java code, j=interpreted, Vv=VM code, C=native code)
V  [jvm.dll+0x61e7ba]
V  [jvm.dll+0x7ab749]
V  [jvm.dll+0x7ace38]
V  [jvm.dll+0x7ad513]
V  [jvm.dll+0x24f968]
V  [jvm.dll+0xc262c]
V  [jvm.dll+0xc2bec]
V  [jvm.dll+0x2c17e4]
V  [jvm.dll+0x52da49]
V  [jvm.dll+0x20a657]
V  [jvm.dll+0x207e6b]
V  [jvm.dll+0x18a371]
V  [jvm.dll+0x2176e4]
V  [jvm.dll+0x21592b]
V  [jvm.dll+0x76e250]
V  [jvm.dll+0x7671b4]
V  [jvm.dll+0x61d616]
C  [ucrtbase.dll+0x21bb2]
C  [KERNEL32.DLL+0x17034]
C  [ntdll.dll+0x52651]


---------------  P R O C E S S  ---------------

Threads class SMR info:
_java_thread_list=0x00000268a653d710, length=46, elements={
0x00000268fcc88000, 0x000002689b60d000, 0x000002689b60e800, 0x000002689b633000,
0x000002689b634000, 0x000002689b636000, 0x000002689b639000, 0x000002689c01c000,
0x000002689c021800, 0x000002689c114800, 0x000002689cb2e800, 0x00000268a5b73000,
0x00000268a625e000, 0x00000268a6041800, 0x00000268a5c37800, 0x00000268a544f800,
0x00000268a5450800, 0x000002689c37b000, 0x00000268a5796000, 0x00000268a5eae800,
0x00000268a5749000, 0x00000268a5749800, 0x00000268a574d000, 0x00000268a574a800,
0x00000268a574b800, 0x00000268a574c000, 0x00000268a574e000, 0x00000268a5748000,
0x00000268a574e800, 0x00000268a63f2000, 0x00000268a63f2800, 0x00000268a63f4800,
0x00000268a63f3800, 0x00000268a63f1000, 0x00000268a63f5000, 0x00000268a63f6000,
0x00000268a63f0800, 0x00000268a63f8800, 0x00000268a63f9800, 0x00000268a63f7000,
0x00000268a63fb800, 0x00000268a63fd800, 0x00000268a63fa000, 0x00000268a63fc800,
0x00000268a63f7800, 0x00000268a63fe000
}

Java Threads: ( => current thread )
  0x00000268fcc88000 JavaThread "main" [_thread_blocked, id=648, stack(0x000000d457800000,0x000000d457900000)]
  0x000002689b60d000 JavaThread "Reference Handler" daemon [_thread_blocked, id=1956, stack(0x000000d458000000,0x000000d458100000)]
  0x000002689b60e800 JavaThread "Finalizer" daemon [_thread_blocked, id=12324, stack(0x000000d458100000,0x000000d458200000)]
  0x000002689b633000 JavaThread "Signal Dispatcher" daemon [_thread_blocked, id=2688, stack(0x000000d458200000,0x000000d458300000)]
  0x000002689b634000 JavaThread "Attach Listener" daemon [_thread_blocked, id=5948, stack(0x000000d458300000,0x000000d458400000)]
  0x000002689b636000 JavaThread "Service Thread" daemon [_thread_blocked, id=13864, stack(0x000000d458400000,0x000000d458500000)]
=>0x000002689b639000 JavaThread "C2 CompilerThread0" daemon [_thread_in_native, id=13972, stack(0x000000d458500000,0x000000d458600000)]
  0x000002689c01c000 JavaThread "C1 CompilerThread0" daemon [_thread_blocked, id=7032, stack(0x000000d458600000,0x000000d458700000)]
  0x000002689c021800 JavaThread "Sweeper thread" daemon [_thread_blocked, id=11896, stack(0x000000d458700000,0x000000d458800000)]
  0x000002689c114800 JavaThread "Common-Cleaner" daemon [_thread_blocked, id=6180, stack(0x000000d458800000,0x000000d458900000)]
  0x000002689cb2e800 JavaThread "Daemon health stats" [_thread_blocked, id=13648, stack(0x000000d458e00000,0x000000d458f00000)]
  0x00000268a5b73000 JavaThread "Incoming local TCP Connector on port 54209" [_thread_in_native, id=14880, stack(0x000000d459000000,0x000000d459100000)]
  0x00000268a625e000 JavaThread "Daemon periodic checks" [_thread_blocked, id=9564, stack(0x000000d459100000,0x000000d459200000)]
  0x00000268a6041800 JavaThread "Daemon" [_thread_blocked, id=6540, stack(0x000000d459200000,0x000000d459300000)]
  0x00000268a5c37800 JavaThread "Handler for socket connection from /127.0.0.1:54209 to /127.0.0.1:54221" [_thread_in_native, id=14768, stack(0x000000d459300000,0x000000d459400000)]
  0x00000268a544f800 JavaThread "Cancel handler" [_thread_blocked, id=7920, stack(0x000000d459400000,0x000000d459500000)]
  0x00000268a5450800 JavaThread "Daemon worker" [_thread_in_Java, id=14840, stack(0x000000d459500000,0x000000d459600000)]
  0x000002689c37b000 JavaThread "Asynchronous log dispatcher for DefaultDaemonConnection: socket connection from /127.0.0.1:54209 to /127.0.0.1:54221" [_thread_blocked, id=14836, stack(0x000000d459600000,0x000000d459700000)]
  0x00000268a5796000 JavaThread "Stdin handler" [_thread_blocked, id=14788, stack(0x000000d459700000,0x000000d459800000)]
  0x00000268a5eae800 JavaThread "Thread-8" [_thread_blocked, id=3648, stack(0x000000d459800000,0x000000d459900000)]
  0x00000268a5749000 JavaThread "Cache worker for file hash cache (C:\Users\Алекс\.gradle\caches\6.7\fileHashes)" [_thread_blocked, id=9080, stack(0x000000d459900000,0x000000d459a00000)]
  0x00000268a5749800 JavaThread "File lock request listener" [_thread_in_native, id=12924, stack(0x000000d459a00000,0x000000d459b00000)]
  0x00000268a574d000 JavaThread "File lock release action executor" [_thread_blocked, id=7796, stack(0x000000d459b00000,0x000000d459c00000)]
  0x00000268a574a800 JavaThread "Cache worker for journal cache (C:\Users\Алекс\.gradle\caches\journal-1)" [_thread_blocked, id=4368, stack(0x000000d459c00000,0x000000d459d00000)]
  0x00000268a574b800 JavaThread "Cache worker for file hash cache (C:\IdeaProjects\AUT_Taks1.2_API_CI\AUT_Taks1.2_API_CI\bdd\page-object\.gradle\6.7\fileHashes)" [_thread_blocked, id=10884, stack(0x000000d459d00000,0x000000d459e00000)]
  0x00000268a574c000 JavaThread "jar transforms" [_thread_blocked, id=15756, stack(0x000000d459e00000,0x000000d459f00000)]
  0x00000268a574e000 JavaThread "jar transforms Thread 2" [_thread_blocked, id=15760, stack(0x000000d459f00000,0x000000d45a000000)]
  0x00000268a5748000 JavaThread "jar transforms Thread 3" [_thread_blocked, id=15764, stack(0x000000d45a000000,0x000000d45a100000)]
  0x00000268a574e800 JavaThread "jar transforms Thread 4" [_thread_blocked, id=15768, stack(0x000000d45a100000,0x000000d45a200000)]
  0x00000268a63f2000 JavaThread "jar transforms Thread 5" [_thread_blocked, id=15772, stack(0x000000d45a200000,0x000000d45a300000)]
  0x00000268a63f2800 JavaThread "jar transforms Thread 6" [_thread_blocked, id=15776, stack(0x000000d45a300000,0x000000d45a400000)]
  0x00000268a63f4800 JavaThread "jar transforms Thread 7" [_thread_blocked, id=15780, stack(0x000000d45a400000,0x000000d45a500000)]
  0x00000268a63f3800 JavaThread "jar transforms Thread 8" [_thread_blocked, id=15784, stack(0x000000d45a500000,0x000000d45a600000)]
  0x00000268a63f1000 JavaThread "jar transforms Thread 9" [_thread_blocked, id=15788, stack(0x000000d45a600000,0x000000d45a700000)]
  0x00000268a63f5000 JavaThread "jar transforms Thread 10" [_thread_blocked, id=15792, stack(0x000000d45a700000,0x000000d45a800000)]
  0x00000268a63f6000 JavaThread "jar transforms Thread 11" [_thread_blocked, id=15796, stack(0x000000d45a800000,0x000000d45a900000)]
  0x00000268a63f0800 JavaThread "jar transforms Thread 12" [_thread_blocked, id=15800, stack(0x000000d45a900000,0x000000d45aa00000)]
  0x00000268a63f8800 JavaThread "jar transforms Thread 13" [_thread_blocked, id=15804, stack(0x000000d45aa00000,0x000000d45ab00000)]
  0x00000268a63f9800 JavaThread "jar transforms Thread 14" [_thread_blocked, id=15808, stack(0x000000d45ab00000,0x000000d45ac00000)]
  0x00000268a63f7000 JavaThread "jar transforms Thread 15" [_thread_blocked, id=15812, stack(0x000000d45ac00000,0x000000d45ad00000)]
  0x00000268a63fb800 JavaThread "jar transforms Thread 16" [_thread_blocked, id=15816, stack(0x000000d45ad00000,0x000000d45ae00000)]
  0x00000268a63fd800 JavaThread "Cache worker for checksums cache (C:\IdeaProjects\AUT_Taks1.2_API_CI\AUT_Taks1.2_API_CI\bdd\page-object\.gradle\checksums)" [_thread_blocked, id=15900, stack(0x000000d45ae00000,0x000000d45af00000)]
  0x00000268a63fa000 JavaThread "Cache worker for cache directory md-supplier (C:\Users\Алекс\.gradle\caches\6.7\md-supplier)" [_thread_blocked, id=15968, stack(0x000000d45af00000,0x000000d45b000000)]
  0x00000268a63fc800 JavaThread "Cache worker for cache directory md-rule (C:\Users\Алекс\.gradle\caches\6.7\md-rule)" [_thread_blocked, id=15976, stack(0x000000d45b000000,0x000000d45b100000)]
  0x00000268a63f7800 JavaThread "Cache worker for execution history cache (C:\Users\Алекс\.gradle\caches\6.7\executionHistory)" [_thread_blocked, id=15984, stack(0x000000d45b100000,0x000000d45b200000)]
  0x00000268a63fe000 JavaThread "Cache worker for file content cache (C:\Users\Алекс\.gradle\caches\6.7\fileContent)" [_thread_blocked, id=15284, stack(0x000000d457700000,0x000000d457800000)]

Other Threads:
  0x000002689b5e3800 VMThread "VM Thread" [stack: 0x000000d457f00000,0x000000d458000000] [id=7876]
  0x000002689c11e800 WatcherThread [stack: 0x000000d458900000,0x000000d458a00000] [id=9424]
  0x00000268fcca3800 GCTaskThread "GC Thread#0" [stack: 0x000000d457a00000,0x000000d457b00000] [id=13496]
  0x000002689c4d4800 GCTaskThread "GC Thread#1" [stack: 0x000000d458a00000,0x000000d458b00000] [id=8692]
  0x000002689c821800 GCTaskThread "GC Thread#2" [stack: 0x000000d458b00000,0x000000d458c00000] [id=13928]
  0x000002689c822800 GCTaskThread "GC Thread#3" [stack: 0x000000d458c00000,0x000000d458d00000] [id=5864]
  0x00000268fccb5000 ConcurrentGCThread "G1 Main Marker" [stack: 0x000000d457b00000,0x000000d457c00000] [id=6432]
  0x00000268fccb7000 ConcurrentGCThread "G1 Conc#0" [stack: 0x000000d457c00000,0x000000d457d00000] [id=2780]
  0x000002689b482800 ConcurrentGCThread "G1 Refine#0" [stack: 0x000000d457d00000,0x000000d457e00000] [id=5292]
  0x000002689b483800 ConcurrentGCThread "G1 Young RemSet Sampling" [stack: 0x000000d457e00000,0x000000d457f00000] [id=5264]

Threads with active compile tasks:
C2 CompilerThread0    78301 3695   !   4       java.util.zip.ZipFile$CleanableResource::releaseInflater (53 bytes)

VM state:not at safepoint (normal execution)

VM Mutex/Monitor currently owned by a thread: None

OutOfMemory and StackOverflow Exception counts:
OutOfMemoryError java_heap_errors=1
LinkageErrors=104

Heap address: 0x00000000e0000000, size: 512 MB, Compressed Oops mode: 32-bit
Narrow klass base: 0x0000000000000000, Narrow klass shift: 3
Compressed class space size: 260046848 Address: 0x0000000100000000

Heap:
 garbage-first heap   total 262144K, used 172139K [0x00000000e0000000, 0x0000000100000000)
  region size 1024K, 118 young (120832K), 9 survivors (9216K)
 Metaspace       used 40457K, capacity 41432K, committed 41680K, reserved 290816K
  class space    used 5086K, capacity 5422K, committed 5504K, reserved 253952K
Heap Regions: E=young(eden), S=young(survivor), O=old, HS=humongous(starts), HC=humongous(continues), CS=collection set, F=free, A=archive, TAMS=top-at-mark-start (previous, next)
|   0|0x00000000e0000000, 0x00000000e0100000, 0x00000000e0100000|100%| O|  |TAMS 0x00000000e0100000, 0x00000000e0000000| Untracked 
|   1|0x00000000e0100000, 0x00000000e0200000, 0x00000000e0200000|100%| O|  |TAMS 0x00000000e0200000, 0x00000000e0100000| Untracked 
|   2|0x00000000e0200000, 0x00000000e0300000, 0x00000000e0300000|100%| O|  |TAMS 0x00000000e0300000, 0x00000000e0200000| Untracked 
|   3|0x00000000e0300000, 0x00000000e0400000, 0x00000000e0400000|100%|HS|  |TAMS 0x00000000e0400000, 0x00000000e0300000| Complete 
|   4|0x00000000e0400000, 0x00000000e0500000, 0x00000000e0500000|100%|HC|  |TAMS 0x00000000e0500000, 0x00000000e0400000| Complete 
|   5|0x00000000e0500000, 0x00000000e0600000, 0x00000000e0600000|100%|HC|  |TAMS 0x00000000e0600000, 0x00000000e0500000| Complete 
|   6|0x00000000e0600000, 0x00000000e0700000, 0x00000000e0700000|100%| O|  |TAMS 0x00000000e0700000, 0x00000000e0600000| Untracked 
|   7|0x00000000e0700000, 0x00000000e0800000, 0x00000000e0800000|100%| O|  |TAMS 0x00000000e0800000, 0x00000000e0700000| Untracked 
|   8|0x00000000e0800000, 0x00000000e0900000, 0x00000000e0900000|100%| O|  |TAMS 0x00000000e0900000, 0x00000000e0800000| Untracked 
|   9|0x00000000e0900000, 0x00000000e0a00000, 0x00000000e0a00000|100%| O|  |TAMS 0x00000000e0a00000, 0x00000000e0900000| Untracked 
|  10|0x00000000e0a00000, 0x00000000e0b00000, 0x00000000e0b00000|100%| O|  |TAMS 0x00000000e0b00000, 0x00000000e0a00000| Untracked 
|  11|0x00000000e0b00000, 0x00000000e0c00000, 0x00000000e0c00000|100%| O|  |TAMS 0x00000000e0c00000, 0x00000000e0b00000| Untracked 
|  12|0x00000000e0c00000, 0x00000000e0d00000, 0x00000000e0d00000|100%| O|  |TAMS 0x00000000e0d00000, 0x00000000e0c00000| Untracked 
|  13|0x00000000e0d00000, 0x00000000e0e00000, 0x00000000e0e00000|100%| O|  |TAMS 0x00000000e0e00000, 0x00000000e0d00000| Untracked 
|  14|0x00000000e0e00000, 0x00000000e0f00000, 0x00000000e0f00000|100%| O|  |TAMS 0x00000000e0f00000, 0x00000000e0e00000| Untracked 
|  15|0x00000000e0f00000, 0x00000000e0f73c00, 0x00000000e1000000| 45%| O|  |TAMS 0x00000000e0f73c00, 0x00000000e0f00000| Untracked 
|  16|0x00000000e1000000, 0x00000000e1100000, 0x00000000e1100000|100%|HS|  |TAMS 0x00000000e1100000, 0x00000000e1000000| Complete 
|  17|0x00000000e1100000, 0x00000000e1200000, 0x00000000e1200000|100%|HC|  |TAMS 0x00000000e1200000, 0x00000000e1100000| Complete 
|  18|0x00000000e1200000, 0x00000000e1300000, 0x00000000e1300000|100%|HS|  |TAMS 0x00000000e1300000, 0x00000000e1200000| Complete 
|  19|0x00000000e1300000, 0x00000000e1400000, 0x00000000e1400000|100%|HC|  |TAMS 0x00000000e1400000, 0x00000000e1300000| Complete 
|  20|0x00000000e1400000, 0x00000000e1500000, 0x00000000e1500000|100%|HC|  |TAMS 0x00000000e1500000, 0x00000000e1400000| Complete 
|  21|0x00000000e1500000, 0x00000000e1600000, 0x00000000e1600000|100%|HS|  |TAMS 0x00000000e1600000, 0x00000000e1500000| Complete 
|  22|0x00000000e1600000, 0x00000000e1700000, 0x00000000e1700000|100%|HC|  |TAMS 0x00000000e1700000, 0x00000000e1600000| Complete 
|  23|0x00000000e1700000, 0x00000000e1800000, 0x00000000e1800000|100%|HC|  |TAMS 0x00000000e1800000, 0x00000000e1700000| Complete 
|  24|0x00000000e1800000, 0x00000000e1900000, 0x00000000e1900000|100%|HS|  |TAMS 0x00000000e1900000, 0x00000000e1800000| Complete 
|  25|0x00000000e1900000, 0x00000000e1a00000, 0x00000000e1a00000|100%|HC|  |TAMS 0x00000000e1a00000, 0x00000000e1900000| Complete 
|  26|0x00000000e1a00000, 0x00000000e1b00000, 0x00000000e1b00000|100%|HS|  |TAMS 0x00000000e1b00000, 0x00000000e1a00000| Complete 
|  27|0x00000000e1b00000, 0x00000000e1c00000, 0x00000000e1c00000|100%|HC|  |TAMS 0x00000000e1c00000, 0x00000000e1b00000| Complete 
|  28|0x00000000e1c00000, 0x00000000e1d00000, 0x00000000e1d00000|100%|HC|  |TAMS 0x00000000e1d00000, 0x00000000e1c00000| Complete 
|  29|0x00000000e1d00000, 0x00000000e1e00000, 0x00000000e1e00000|100%|HC|  |TAMS 0x00000000e1e00000, 0x00000000e1d00000| Complete 
|  30|0x00000000e1e00000, 0x00000000e1f00000, 0x00000000e1f00000|100%|HC|  |TAMS 0x00000000e1f00000, 0x00000000e1e00000| Complete 
|  31|0x00000000e1f00000, 0x00000000e2000000, 0x00000000e2000000|100%|HC|  |TAMS 0x00000000e2000000, 0x00000000e1f00000| Complete 
|  32|0x00000000e2000000, 0x00000000e2100000, 0x00000000e2100000|100%|HC|  |TAMS 0x00000000e2100000, 0x00000000e2000000| Complete 
|  33|0x00000000e2100000, 0x00000000e2200000, 0x00000000e2200000|100%|HS|  |TAMS 0x00000000e2200000, 0x00000000e2100000| Complete 
|  34|0x00000000e2200000, 0x00000000e2300000, 0x00000000e2300000|100%|HS|  |TAMS 0x00000000e2300000, 0x00000000e2200000| Complete 
|  35|0x00000000e2300000, 0x00000000e2400000, 0x00000000e2400000|100%|HS|  |TAMS 0x00000000e2400000, 0x00000000e2300000| Complete 
|  36|0x00000000e2400000, 0x00000000e2500000, 0x00000000e2500000|100%|HC|  |TAMS 0x00000000e2500000, 0x00000000e2400000| Complete 
|  37|0x00000000e2500000, 0x00000000e2600000, 0x00000000e2600000|100%|HC|  |TAMS 0x00000000e2600000, 0x00000000e2500000| Complete 
|  38|0x00000000e2600000, 0x00000000e2700000, 0x00000000e2700000|100%|HC|  |TAMS 0x00000000e2700000, 0x00000000e2600000| Complete 
|  39|0x00000000e2700000, 0x00000000e2800000, 0x00000000e2800000|100%|HC|  |TAMS 0x00000000e2800000, 0x00000000e2700000| Complete 
|  40|0x00000000e2800000, 0x00000000e2900000, 0x00000000e2900000|100%|HC|  |TAMS 0x00000000e2900000, 0x00000000e2800000| Complete 
|  41|0x00000000e2900000, 0x00000000e2a00000, 0x00000000e2a00000|100%|HC|  |TAMS 0x00000000e2a00000, 0x00000000e2900000| Complete 
|  42|0x00000000e2a00000, 0x00000000e2b00000, 0x00000000e2b00000|100%|HC|  |TAMS 0x00000000e2b00000, 0x00000000e2a00000| Complete 
|  43|0x00000000e2b00000, 0x00000000e2c00000, 0x00000000e2c00000|100%|HC|  |TAMS 0x00000000e2c00000, 0x00000000e2b00000| Complete 
|  44|0x00000000e2c00000, 0x00000000e2d00000, 0x00000000e2d00000|100%|HC|  |TAMS 0x00000000e2d00000, 0x00000000e2c00000| Complete 
|  45|0x00000000e2d00000, 0x00000000e2e00000, 0x00000000e2e00000|100%|HS|  |TAMS 0x00000000e2e00000, 0x00000000e2d00000| Complete 
|  46|0x00000000e2e00000, 0x00000000e2f00000, 0x00000000e2f00000|100%|HC|  |TAMS 0x00000000e2f00000, 0x00000000e2e00000| Complete 
|  47|0x00000000e2f00000, 0x00000000e3000000, 0x00000000e3000000|100%|HS|  |TAMS 0x00000000e2f00000, 0x00000000e2f00000| Complete 
|  48|0x00000000e3000000, 0x00000000e3100000, 0x00000000e3100000|100%|HS|  |TAMS 0x00000000e3000000, 0x00000000e3000000| Complete 
|  49|0x00000000e3100000, 0x00000000e3200000, 0x00000000e3200000|100%|HC|  |TAMS 0x00000000e3100000, 0x00000000e3100000| Complete 
|  50|0x00000000e3200000, 0x00000000e3300000, 0x00000000e3300000|100%|HS|  |TAMS 0x00000000e3200000, 0x00000000e3200000| Complete 
|  51|0x00000000e3300000, 0x00000000e3400000, 0x00000000e3400000|100%|HC|  |TAMS 0x00000000e3300000, 0x00000000e3300000| Complete 
|  52|0x00000000e3400000, 0x00000000e3500000, 0x00000000e3500000|100%|HC|  |TAMS 0x00000000e3400000, 0x00000000e3400000| Complete 
|  53|0x00000000e3500000, 0x00000000e3500000, 0x00000000e3600000|  0%| F|  |TAMS 0x00000000e3500000, 0x00000000e3500000| Untracked 
|  54|0x00000000e3600000, 0x00000000e3600000, 0x00000000e3700000|  0%| F|  |TAMS 0x00000000e3600000, 0x00000000e3600000| Untracked 
|  55|0x00000000e3700000, 0x00000000e3700000, 0x00000000e3800000|  0%| F|  |TAMS 0x00000000e3700000, 0x00000000e3700000| Untracked 
|  56|0x00000000e3800000, 0x00000000e3800000, 0x00000000e3900000|  0%| F|  |TAMS 0x00000000e3800000, 0x00000000e3800000| Untracked 
|  57|0x00000000e3900000, 0x00000000e3900000, 0x00000000e3a00000|  0%| F|  |TAMS 0x00000000e3900000, 0x00000000e3900000| Untracked 
|  58|0x00000000e3a00000, 0x00000000e3a00000, 0x00000000e3b00000|  0%| F|  |TAMS 0x00000000e3a00000, 0x00000000e3a00000| Untracked 
|  59|0x00000000e3b00000, 0x00000000e3b00000, 0x00000000e3c00000|  0%| F|  |TAMS 0x00000000e3b00000, 0x00000000e3b00000| Untracked 
|  60|0x00000000e3c00000, 0x00000000e3c00000, 0x00000000e3d00000|  0%| F|  |TAMS 0x00000000e3c00000, 0x00000000e3c00000| Untracked 
|  61|0x00000000e3d00000, 0x00000000e3d00000, 0x00000000e3e00000|  0%| F|  |TAMS 0x00000000e3d00000, 0x00000000e3d00000| Untracked 
|  62|0x00000000e3e00000, 0x00000000e3e00000, 0x00000000e3f00000|  0%| F|  |TAMS 0x00000000e3e00000, 0x00000000e3e00000| Untracked 
|  63|0x00000000e3f00000, 0x00000000e3f00000, 0x00000000e4000000|  0%| F|  |TAMS 0x00000000e3f00000, 0x00000000e3f00000| Untracked 
|  64|0x00000000e4000000, 0x00000000e4000000, 0x00000000e4100000|  0%| F|  |TAMS 0x00000000e4000000, 0x00000000e4000000| Untracked 
|  65|0x00000000e4100000, 0x00000000e4100000, 0x00000000e4200000|  0%| F|  |TAMS 0x00000000e4100000, 0x00000000e4100000| Untracked 
|  66|0x00000000e4200000, 0x00000000e4200000, 0x00000000e4300000|  0%| F|  |TAMS 0x00000000e4200000, 0x00000000e4200000| Untracked 
|  67|0x00000000e4300000, 0x00000000e4300000, 0x00000000e4400000|  0%| F|  |TAMS 0x00000000e4300000, 0x00000000e4300000| Untracked 
|  68|0x00000000e4400000, 0x00000000e4400000, 0x00000000e4500000|  0%| F|  |TAMS 0x00000000e4400000, 0x00000000e4400000| Untracked 
|  69|0x00000000e4500000, 0x00000000e4500000, 0x00000000e4600000|  0%| F|  |TAMS 0x00000000e4500000, 0x00000000e4500000| Untracked 
|  70|0x00000000e4600000, 0x00000000e4600000, 0x00000000e4700000|  0%| F|  |TAMS 0x00000000e4600000, 0x00000000e4600000| Untracked 
|  71|0x00000000e4700000, 0x00000000e4700000, 0x00000000e4800000|  0%| F|  |TAMS 0x00000000e4700000, 0x00000000e4700000| Untracked 
|  72|0x00000000e4800000, 0x00000000e4800000, 0x00000000e4900000|  0%| F|  |TAMS 0x00000000e4800000, 0x00000000e4800000| Untracked 
|  73|0x00000000e4900000, 0x00000000e4900000, 0x00000000e4a00000|  0%| F|  |TAMS 0x00000000e4900000, 0x00000000e4900000| Untracked 
|  74|0x00000000e4a00000, 0x00000000e4a00000, 0x00000000e4b00000|  0%| F|  |TAMS 0x00000000e4a00000, 0x00000000e4a00000| Untracked 
|  75|0x00000000e4b00000, 0x00000000e4b00000, 0x00000000e4c00000|  0%| F|  |TAMS 0x00000000e4b00000, 0x00000000e4b00000| Untracked 
|  76|0x00000000e4c00000, 0x00000000e4c00000, 0x00000000e4d00000|  0%| F|  |TAMS 0x00000000e4c00000, 0x00000000e4c00000| Untracked 
|  77|0x00000000e4d00000, 0x00000000e4d00000, 0x00000000e4e00000|  0%| F|  |TAMS 0x00000000e4d00000, 0x00000000e4d00000| Untracked 
|  78|0x00000000e4e00000, 0x00000000e4e00000, 0x00000000e4f00000|  0%| F|  |TAMS 0x00000000e4e00000, 0x00000000e4e00000| Untracked 
|  79|0x00000000e4f00000, 0x00000000e4f00000, 0x00000000e5000000|  0%| F|  |TAMS 0x00000000e4f00000, 0x00000000e4f00000| Untracked 
|  80|0x00000000e5000000, 0x00000000e5000000, 0x00000000e5100000|  0%| F|  |TAMS 0x00000000e5000000, 0x00000000e5000000| Untracked 
|  81|0x00000000e5100000, 0x00000000e5100000, 0x00000000e5200000|  0%| F|  |TAMS 0x00000000e5100000, 0x00000000e5100000| Untracked 
|  82|0x00000000e5200000, 0x00000000e5200000, 0x00000000e5300000|  0%| F|  |TAMS 0x00000000e5200000, 0x00000000e5200000| Untracked 
|  83|0x00000000e5300000, 0x00000000e5300000, 0x00000000e5400000|  0%| F|  |TAMS 0x00000000e5300000, 0x00000000e5300000| Untracked 
|  84|0x00000000e5400000, 0x00000000e5400000, 0x00000000e5500000|  0%| F|  |TAMS 0x00000000e5400000, 0x00000000e5400000| Untracked 
|  85|0x00000000e5500000, 0x00000000e5500000, 0x00000000e5600000|  0%| F|  |TAMS 0x00000000e5500000, 0x00000000e5500000| Untracked 
|  86|0x00000000e5600000, 0x00000000e5600000, 0x00000000e5700000|  0%| F|  |TAMS 0x00000000e5600000, 0x00000000e5600000| Untracked 
|  87|0x00000000e5700000, 0x00000000e5700000, 0x00000000e5800000|  0%| F|  |TAMS 0x00000000e5700000, 0x00000000e5700000| Untracked 
|  88|0x00000000e5800000, 0x00000000e5800000, 0x00000000e5900000|  0%| F|  |TAMS 0x00000000e5800000, 0x00000000e5800000| Untracked 
|  89|0x00000000e5900000, 0x00000000e5900000, 0x00000000e5a00000|  0%| F|  |TAMS 0x00000000e5900000, 0x00000000e5900000| Untracked 
|  90|0x00000000e5a00000, 0x00000000e5a00000, 0x00000000e5b00000|  0%| F|  |TAMS 0x00000000e5a00000, 0x00000000e5a00000| Untracked 
|  91|0x00000000e5b00000, 0x00000000e5b00000, 0x00000000e5c00000|  0%| F|  |TAMS 0x00000000e5b00000, 0x00000000e5b00000| Untracked 
|  92|0x00000000e5c00000, 0x00000000e5c00000, 0x00000000e5d00000|  0%| F|  |TAMS 0x00000000e5c00000, 0x00000000e5c00000| Untracked 
|  93|0x00000000e5d00000, 0x00000000e5d00000, 0x00000000e5e00000|  0%| F|  |TAMS 0x00000000e5d00000, 0x00000000e5d00000| Untracked 
|  94|0x00000000e5e00000, 0x00000000e5e00000, 0x00000000e5f00000|  0%| F|  |TAMS 0x00000000e5e00000, 0x00000000e5e00000| Untracked 
|  95|0x00000000e5f00000, 0x00000000e5f00000, 0x00000000e6000000|  0%| F|  |TAMS 0x00000000e5f00000, 0x00000000e5f00000| Untracked 
|  96|0x00000000e6000000, 0x00000000e6000000, 0x00000000e6100000|  0%| F|  |TAMS 0x00000000e6000000, 0x00000000e6000000| Untracked 
|  97|0x00000000e6100000, 0x00000000e6100000, 0x00000000e6200000|  0%| F|  |TAMS 0x00000000e6100000, 0x00000000e6100000| Untracked 
|  98|0x00000000e6200000, 0x00000000e6200000, 0x00000000e6300000|  0%| F|  |TAMS 0x00000000e6200000, 0x00000000e6200000| Untracked 
|  99|0x00000000e6300000, 0x00000000e6300000, 0x00000000e6400000|  0%| F|  |TAMS 0x00000000e6300000, 0x00000000e6300000| Untracked 
| 100|0x00000000e6400000, 0x00000000e6400000, 0x00000000e6500000|  0%| F|  |TAMS 0x00000000e6400000, 0x00000000e6400000| Untracked 
| 101|0x00000000e6500000, 0x00000000e6500000, 0x00000000e6600000|  0%| F|  |TAMS 0x00000000e6500000, 0x00000000e6500000| Untracked 
| 102|0x00000000e6600000, 0x00000000e6600000, 0x00000000e6700000|  0%| F|  |TAMS 0x00000000e6600000, 0x00000000e6600000| Untracked 
| 103|0x00000000e6700000, 0x00000000e6700000, 0x00000000e6800000|  0%| F|  |TAMS 0x00000000e6700000, 0x00000000e6700000| Untracked 
| 104|0x00000000e6800000, 0x00000000e6800000, 0x00000000e6900000|  0%| F|  |TAMS 0x00000000e6800000, 0x00000000e6800000| Untracked 
| 105|0x00000000e6900000, 0x00000000e6900000, 0x00000000e6a00000|  0%| F|  |TAMS 0x00000000e6900000, 0x00000000e6900000| Untracked 
| 106|0x00000000e6a00000, 0x00000000e6a00000, 0x00000000e6b00000|  0%| F|  |TAMS 0x00000000e6a00000, 0x00000000e6a00000| Untracked 
| 107|0x00000000e6b00000, 0x00000000e6b00000, 0x00000000e6c00000|  0%| F|  |TAMS 0x00000000e6b00000, 0x00000000e6b00000| Untracked 
| 108|0x00000000e6c00000, 0x00000000e6c00000, 0x00000000e6d00000|  0%| F|  |TAMS 0x00000000e6c00000, 0x00000000e6c00000| Untracked 
| 109|0x00000000e6d00000, 0x00000000e6d00000, 0x00000000e6e00000|  0%| F|  |TAMS 0x00000000e6d00000, 0x00000000e6d00000| Untracked 
| 110|0x00000000e6e00000, 0x00000000e6e00000, 0x00000000e6f00000|  0%| F|  |TAMS 0x00000000e6e00000, 0x00000000e6e00000| Untracked 
| 111|0x00000000e6f00000, 0x00000000e6f00000, 0x00000000e7000000|  0%| F|  |TAMS 0x00000000e6f00000, 0x00000000e6f00000| Untracked 
| 112|0x00000000e7000000, 0x00000000e7000000, 0x00000000e7100000|  0%| F|  |TAMS 0x00000000e7000000, 0x00000000e7000000| Untracked 
| 113|0x00000000e7100000, 0x00000000e7100000, 0x00000000e7200000|  0%| F|  |TAMS 0x00000000e7100000, 0x00000000e7100000| Untracked 
| 114|0x00000000e7200000, 0x00000000e7200000, 0x00000000e7300000|  0%| F|  |TAMS 0x00000000e7200000, 0x00000000e7200000| Untracked 
| 115|0x00000000e7300000, 0x00000000e7300000, 0x00000000e7400000|  0%| F|  |TAMS 0x00000000e7300000, 0x00000000e7300000| Untracked 
| 116|0x00000000e7400000, 0x00000000e7400000, 0x00000000e7500000|  0%| F|  |TAMS 0x00000000e7400000, 0x00000000e7400000| Untracked 
| 117|0x00000000e7500000, 0x00000000e7500000, 0x00000000e7600000|  0%| F|  |TAMS 0x00000000e7500000, 0x00000000e7500000| Untracked 
| 118|0x00000000e7600000, 0x00000000e7600000, 0x00000000e7700000|  0%| F|  |TAMS 0x00000000e7600000, 0x00000000e7600000| Untracked 
| 119|0x00000000e7700000, 0x00000000e7700000, 0x00000000e7800000|  0%| F|  |TAMS 0x00000000e7700000, 0x00000000e7700000| Untracked 
| 120|0x00000000e7800000, 0x00000000e7800000, 0x00000000e7900000|  0%| F|  |TAMS 0x00000000e7800000, 0x00000000e7800000| Untracked 
| 121|0x00000000e7900000, 0x00000000e7900000, 0x00000000e7a00000|  0%| F|  |TAMS 0x00000000e7900000, 0x00000000e7900000| Untracked 
| 122|0x00000000e7a00000, 0x00000000e7a00000, 0x00000000e7b00000|  0%| F|  |TAMS 0x00000000e7a00000, 0x00000000e7a00000| Untracked 
| 123|0x00000000e7b00000, 0x00000000e7b00000, 0x00000000e7c00000|  0%| F|  |TAMS 0x00000000e7b00000, 0x00000000e7b00000| Untracked 
| 124|0x00000000e7c00000, 0x00000000e7c00000, 0x00000000e7d00000|  0%| F|  |TAMS 0x00000000e7c00000, 0x00000000e7c00000| Untracked 
| 125|0x00000000e7d00000, 0x00000000e7d00000, 0x00000000e7e00000|  0%| F|  |TAMS 0x00000000e7d00000, 0x00000000e7d00000| Untracked 
| 126|0x00000000e7e00000, 0x00000000e7e00000, 0x00000000e7f00000|  0%| F|  |TAMS 0x00000000e7e00000, 0x00000000e7e00000| Untracked 
| 127|0x00000000e7f00000, 0x00000000e7f00000, 0x00000000e8000000|  0%| F|  |TAMS 0x00000000e7f00000, 0x00000000e7f00000| Untracked 
| 128|0x00000000e8000000, 0x00000000e8000000, 0x00000000e8100000|  0%| F|  |TAMS 0x00000000e8000000, 0x00000000e8000000| Untracked 
| 129|0x00000000e8100000, 0x00000000e8100000, 0x00000000e8200000|  0%| F|  |TAMS 0x00000000e8100000, 0x00000000e8100000| Untracked 
| 130|0x00000000e8200000, 0x00000000e8200000, 0x00000000e8300000|  0%| F|  |TAMS 0x00000000e8200000, 0x00000000e8200000| Untracked 
| 131|0x00000000e8300000, 0x00000000e8300000, 0x00000000e8400000|  0%| F|  |TAMS 0x00000000e8300000, 0x00000000e8300000| Untracked 
| 132|0x00000000e8400000, 0x00000000e8400000, 0x00000000e8500000|  0%| F|  |TAMS 0x00000000e8400000, 0x00000000e8400000| Untracked 
| 133|0x00000000e8500000, 0x00000000e8500000, 0x00000000e8600000|  0%| F|  |TAMS 0x00000000e8500000, 0x00000000e8500000| Untracked 
| 134|0x00000000e8600000, 0x00000000e8600000, 0x00000000e8700000|  0%| F|  |TAMS 0x00000000e8600000, 0x00000000e8600000| Untracked 
| 135|0x00000000e8700000, 0x00000000e8700000, 0x00000000e8800000|  0%| F|  |TAMS 0x00000000e8700000, 0x00000000e8700000| Untracked 
| 136|0x00000000e8800000, 0x00000000e8800000, 0x00000000e8900000|  0%| F|  |TAMS 0x00000000e8800000, 0x00000000e8800000| Untracked 
| 137|0x00000000e8900000, 0x00000000e8900000, 0x00000000e8a00000|  0%| F|  |TAMS 0x00000000e8900000, 0x00000000e8900000| Untracked 
| 138|0x00000000e8a00000, 0x00000000e8a82010, 0x00000000e8b00000| 50%| E|  |TAMS 0x00000000e8a00000, 0x00000000e8a00000| Complete 
| 139|0x00000000e8b00000, 0x00000000e8c00000, 0x00000000e8c00000|100%| E|CS|TAMS 0x00000000e8b00000, 0x00000000e8b00000| Complete 
| 140|0x00000000e8c00000, 0x00000000e8d00000, 0x00000000e8d00000|100%| E|CS|TAMS 0x00000000e8c00000, 0x00000000e8c00000| Complete 
| 141|0x00000000e8d00000, 0x00000000e8e00000, 0x00000000e8e00000|100%| E|CS|TAMS 0x00000000e8d00000, 0x00000000e8d00000| Complete 
| 142|0x00000000e8e00000, 0x00000000e8f00000, 0x00000000e8f00000|100%| E|CS|TAMS 0x00000000e8e00000, 0x00000000e8e00000| Complete 
| 143|0x00000000e8f00000, 0x00000000e9000000, 0x00000000e9000000|100%| E|CS|TAMS 0x00000000e8f00000, 0x00000000e8f00000| Complete 
| 144|0x00000000e9000000, 0x00000000e9100000, 0x00000000e9100000|100%| E|CS|TAMS 0x00000000e9000000, 0x00000000e9000000| Complete 
| 145|0x00000000e9100000, 0x00000000e9200000, 0x00000000e9200000|100%| E|CS|TAMS 0x00000000e9100000, 0x00000000e9100000| Complete 
| 146|0x00000000e9200000, 0x00000000e9300000, 0x00000000e9300000|100%| E|CS|TAMS 0x00000000e9200000, 0x00000000e9200000| Complete 
| 147|0x00000000e9300000, 0x00000000e9400000, 0x00000000e9400000|100%| E|CS|TAMS 0x00000000e9300000, 0x00000000e9300000| Complete 
| 148|0x00000000e9400000, 0x00000000e9500000, 0x00000000e9500000|100%| E|CS|TAMS 0x00000000e9400000, 0x00000000e9400000| Complete 
| 149|0x00000000e9500000, 0x00000000e9600000, 0x00000000e9600000|100%| E|CS|TAMS 0x00000000e9500000, 0x00000000e9500000| Complete 
| 150|0x00000000e9600000, 0x00000000e9700000, 0x00000000e9700000|100%| E|CS|TAMS 0x00000000e9600000, 0x00000000e9600000| Complete 
| 151|0x00000000e9700000, 0x00000000e9800000, 0x00000000e9800000|100%| E|CS|TAMS 0x00000000e9700000, 0x00000000e9700000| Complete 
| 152|0x00000000e9800000, 0x00000000e9900000, 0x00000000e9900000|100%| E|CS|TAMS 0x00000000e9800000, 0x00000000e9800000| Complete 
| 153|0x00000000e9900000, 0x00000000e9a00000, 0x00000000e9a00000|100%| E|CS|TAMS 0x00000000e9900000, 0x00000000e9900000| Complete 
| 154|0x00000000e9a00000, 0x00000000e9b00000, 0x00000000e9b00000|100%| E|CS|TAMS 0x00000000e9a00000, 0x00000000e9a00000| Complete 
| 155|0x00000000e9b00000, 0x00000000e9c00000, 0x00000000e9c00000|100%| E|CS|TAMS 0x00000000e9b00000, 0x00000000e9b00000| Complete 
| 156|0x00000000e9c00000, 0x00000000e9d00000, 0x00000000e9d00000|100%| E|CS|TAMS 0x00000000e9c00000, 0x00000000e9c00000| Complete 
| 157|0x00000000e9d00000, 0x00000000e9e00000, 0x00000000e9e00000|100%| E|CS|TAMS 0x00000000e9d00000, 0x00000000e9d00000| Complete 
| 158|0x00000000e9e00000, 0x00000000e9f00000, 0x00000000e9f00000|100%| E|CS|TAMS 0x00000000e9e00000, 0x00000000e9e00000| Complete 
| 159|0x00000000e9f00000, 0x00000000ea000000, 0x00000000ea000000|100%| E|CS|TAMS 0x00000000e9f00000, 0x00000000e9f00000| Complete 
| 160|0x00000000ea000000, 0x00000000ea100000, 0x00000000ea100000|100%| E|CS|TAMS 0x00000000ea000000, 0x00000000ea000000| Complete 
| 161|0x00000000ea100000, 0x00000000ea200000, 0x00000000ea200000|100%| E|CS|TAMS 0x00000000ea100000, 0x00000000ea100000| Complete 
| 162|0x00000000ea200000, 0x00000000ea300000, 0x00000000ea300000|100%| E|CS|TAMS 0x00000000ea200000, 0x00000000ea200000| Complete 
| 163|0x00000000ea300000, 0x00000000ea400000, 0x00000000ea400000|100%| E|CS|TAMS 0x00000000ea300000, 0x00000000ea300000| Complete 
| 164|0x00000000ea400000, 0x00000000ea500000, 0x00000000ea500000|100%| E|CS|TAMS 0x00000000ea400000, 0x00000000ea400000| Complete 
| 165|0x00000000ea500000, 0x00000000ea600000, 0x00000000ea600000|100%| E|CS|TAMS 0x00000000ea500000, 0x00000000ea500000| Complete 
| 166|0x00000000ea600000, 0x00000000ea700000, 0x00000000ea700000|100%| E|CS|TAMS 0x00000000ea600000, 0x00000000ea600000| Complete 
| 167|0x00000000ea700000, 0x00000000ea800000, 0x00000000ea800000|100%| E|CS|TAMS 0x00000000ea700000, 0x00000000ea700000| Complete 
| 168|0x00000000ea800000, 0x00000000ea900000, 0x00000000ea900000|100%| E|CS|TAMS 0x00000000ea800000, 0x00000000ea800000| Complete 
| 169|0x00000000ea900000, 0x00000000eaa00000, 0x00000000eaa00000|100%| E|CS|TAMS 0x00000000ea900000, 0x00000000ea900000| Complete 
| 170|0x00000000eaa00000, 0x00000000eab00000, 0x00000000eab00000|100%| E|CS|TAMS 0x00000000eaa00000, 0x00000000eaa00000| Complete 
| 171|0x00000000eab00000, 0x00000000eac00000, 0x00000000eac00000|100%| E|CS|TAMS 0x00000000eab00000, 0x00000000eab00000| Complete 
| 172|0x00000000eac00000, 0x00000000ead00000, 0x00000000ead00000|100%| E|CS|TAMS 0x00000000eac00000, 0x00000000eac00000| Complete 
| 173|0x00000000ead00000, 0x00000000eae00000, 0x00000000eae00000|100%| E|CS|TAMS 0x00000000ead00000, 0x00000000ead00000| Complete 
| 174|0x00000000eae00000, 0x00000000eaf00000, 0x00000000eaf00000|100%| E|CS|TAMS 0x00000000eae00000, 0x00000000eae00000| Complete 
| 175|0x00000000eaf00000, 0x00000000eb000000, 0x00000000eb000000|100%| E|CS|TAMS 0x00000000eaf00000, 0x00000000eaf00000| Complete 
| 176|0x00000000eb000000, 0x00000000eb100000, 0x00000000eb100000|100%| E|CS|TAMS 0x00000000eb000000, 0x00000000eb000000| Complete 
| 177|0x00000000eb100000, 0x00000000eb200000, 0x00000000eb200000|100%| E|CS|TAMS 0x00000000eb100000, 0x00000000eb100000| Complete 
| 178|0x00000000eb200000, 0x00000000eb300000, 0x00000000eb300000|100%| E|CS|TAMS 0x00000000eb200000, 0x00000000eb200000| Complete 
| 179|0x00000000eb300000, 0x00000000eb400000, 0x00000000eb400000|100%| E|CS|TAMS 0x00000000eb300000, 0x00000000eb300000| Complete 
| 180|0x00000000eb400000, 0x00000000eb500000, 0x00000000eb500000|100%| E|CS|TAMS 0x00000000eb400000, 0x00000000eb400000| Complete 
| 181|0x00000000eb500000, 0x00000000eb600000, 0x00000000eb600000|100%| E|CS|TAMS 0x00000000eb500000, 0x00000000eb500000| Complete 
| 182|0x00000000eb600000, 0x00000000eb6a7220, 0x00000000eb700000| 65%| S|CS|TAMS 0x00000000eb600000, 0x00000000eb600000| Complete 
| 183|0x00000000eb700000, 0x00000000eb800000, 0x00000000eb800000|100%| S|CS|TAMS 0x00000000eb700000, 0x00000000eb700000| Complete 
| 184|0x00000000eb800000, 0x00000000eb900000, 0x00000000eb900000|100%| S|CS|TAMS 0x00000000eb800000, 0x00000000eb800000| Complete 
| 185|0x00000000eb900000, 0x00000000eba00000, 0x00000000eba00000|100%| S|CS|TAMS 0x00000000eb900000, 0x00000000eb900000| Complete 
| 186|0x00000000eba00000, 0x00000000ebb00000, 0x00000000ebb00000|100%| S|CS|TAMS 0x00000000eba00000, 0x00000000eba00000| Complete 
| 187|0x00000000ebb00000, 0x00000000ebc00000, 0x00000000ebc00000|100%| S|CS|TAMS 0x00000000ebb00000, 0x00000000ebb00000| Complete 
| 188|0x00000000ebc00000, 0x00000000ebd00000, 0x00000000ebd00000|100%| S|CS|TAMS 0x00000000ebc00000, 0x00000000ebc00000| Complete 
| 189|0x00000000ebd00000, 0x00000000ebe00000, 0x00000000ebe00000|100%| S|CS|TAMS 0x00000000ebd00000, 0x00000000ebd00000| Complete 
| 190|0x00000000ebe00000, 0x00000000ebf00000, 0x00000000ebf00000|100%| S|CS|TAMS 0x00000000ebe00000, 0x00000000ebe00000| Complete 
| 191|0x00000000ebf00000, 0x00000000ec000000, 0x00000000ec000000|100%| E|CS|TAMS 0x00000000ebf00000, 0x00000000ebf00000| Complete 
| 192|0x00000000ec000000, 0x00000000ec100000, 0x00000000ec100000|100%| E|CS|TAMS 0x00000000ec000000, 0x00000000ec000000| Complete 
| 193|0x00000000ec100000, 0x00000000ec200000, 0x00000000ec200000|100%| E|CS|TAMS 0x00000000ec100000, 0x00000000ec100000| Complete 
| 194|0x00000000ec200000, 0x00000000ec300000, 0x00000000ec300000|100%| E|CS|TAMS 0x00000000ec200000, 0x00000000ec200000| Complete 
| 195|0x00000000ec300000, 0x00000000ec400000, 0x00000000ec400000|100%| E|CS|TAMS 0x00000000ec300000, 0x00000000ec300000| Complete 
| 196|0x00000000ec400000, 0x00000000ec500000, 0x00000000ec500000|100%| E|CS|TAMS 0x00000000ec400000, 0x00000000ec400000| Complete 
| 197|0x00000000ec500000, 0x00000000ec600000, 0x00000000ec600000|100%| E|CS|TAMS 0x00000000ec500000, 0x00000000ec500000| Complete 
| 198|0x00000000ec600000, 0x00000000ec700000, 0x00000000ec700000|100%| E|CS|TAMS 0x00000000ec600000, 0x00000000ec600000| Complete 
| 199|0x00000000ec700000, 0x00000000ec800000, 0x00000000ec800000|100%| E|CS|TAMS 0x00000000ec700000, 0x00000000ec700000| Complete 
| 200|0x00000000ec800000, 0x00000000ec900000, 0x00000000ec900000|100%| E|CS|TAMS 0x00000000ec800000, 0x00000000ec800000| Complete 
| 201|0x00000000ec900000, 0x00000000eca00000, 0x00000000eca00000|100%| E|CS|TAMS 0x00000000ec900000, 0x00000000ec900000| Complete 
| 202|0x00000000eca00000, 0x00000000ecb00000, 0x00000000ecb00000|100%| E|CS|TAMS 0x00000000eca00000, 0x00000000eca00000| Complete 
| 203|0x00000000ecb00000, 0x00000000ecc00000, 0x00000000ecc00000|100%| E|CS|TAMS 0x00000000ecb00000, 0x00000000ecb00000| Complete 
| 204|0x00000000ecc00000, 0x00000000ecd00000, 0x00000000ecd00000|100%| E|CS|TAMS 0x00000000ecc00000, 0x00000000ecc00000| Complete 
| 205|0x00000000ecd00000, 0x00000000ece00000, 0x00000000ece00000|100%| E|CS|TAMS 0x00000000ecd00000, 0x00000000ecd00000| Complete 
| 206|0x00000000ece00000, 0x00000000ecf00000, 0x00000000ecf00000|100%| E|CS|TAMS 0x00000000ece00000, 0x00000000ece00000| Complete 
| 207|0x00000000ecf00000, 0x00000000ed000000, 0x00000000ed000000|100%| E|CS|TAMS 0x00000000ecf00000, 0x00000000ecf00000| Complete 
| 208|0x00000000ed000000, 0x00000000ed100000, 0x00000000ed100000|100%| E|CS|TAMS 0x00000000ed000000, 0x00000000ed000000| Complete 
| 209|0x00000000ed100000, 0x00000000ed200000, 0x00000000ed200000|100%| E|CS|TAMS 0x00000000ed100000, 0x00000000ed100000| Complete 
| 210|0x00000000ed200000, 0x00000000ed300000, 0x00000000ed300000|100%| E|CS|TAMS 0x00000000ed200000, 0x00000000ed200000| Complete 
| 211|0x00000000ed300000, 0x00000000ed400000, 0x00000000ed400000|100%| E|CS|TAMS 0x00000000ed300000, 0x00000000ed300000| Complete 
| 212|0x00000000ed400000, 0x00000000ed500000, 0x00000000ed500000|100%| E|CS|TAMS 0x00000000ed400000, 0x00000000ed400000| Complete 
| 213|0x00000000ed500000, 0x00000000ed600000, 0x00000000ed600000|100%| E|CS|TAMS 0x00000000ed500000, 0x00000000ed500000| Complete 
| 214|0x00000000ed600000, 0x00000000ed700000, 0x00000000ed700000|100%| E|CS|TAMS 0x00000000ed600000, 0x00000000ed600000| Complete 
| 215|0x00000000ed700000, 0x00000000ed800000, 0x00000000ed800000|100%| E|CS|TAMS 0x00000000ed700000, 0x00000000ed700000| Complete 
| 216|0x00000000ed800000, 0x00000000ed900000, 0x00000000ed900000|100%| E|CS|TAMS 0x00000000ed800000, 0x00000000ed800000| Complete 
| 217|0x00000000ed900000, 0x00000000eda00000, 0x00000000eda00000|100%| E|CS|TAMS 0x00000000ed900000, 0x00000000ed900000| Complete 
| 218|0x00000000eda00000, 0x00000000edb00000, 0x00000000edb00000|100%| E|CS|TAMS 0x00000000eda00000, 0x00000000eda00000| Complete 
| 219|0x00000000edb00000, 0x00000000edc00000, 0x00000000edc00000|100%| E|CS|TAMS 0x00000000edb00000, 0x00000000edb00000| Complete 
| 220|0x00000000edc00000, 0x00000000edd00000, 0x00000000edd00000|100%| E|CS|TAMS 0x00000000edc00000, 0x00000000edc00000| Complete 
| 221|0x00000000edd00000, 0x00000000ede00000, 0x00000000ede00000|100%| E|CS|TAMS 0x00000000edd00000, 0x00000000edd00000| Complete 
| 222|0x00000000ede00000, 0x00000000edf00000, 0x00000000edf00000|100%| E|CS|TAMS 0x00000000ede00000, 0x00000000ede00000| Complete 
| 223|0x00000000edf00000, 0x00000000ee000000, 0x00000000ee000000|100%| E|CS|TAMS 0x00000000edf00000, 0x00000000edf00000| Complete 
| 224|0x00000000ee000000, 0x00000000ee100000, 0x00000000ee100000|100%| E|CS|TAMS 0x00000000ee000000, 0x00000000ee000000| Complete 
| 225|0x00000000ee100000, 0x00000000ee200000, 0x00000000ee200000|100%| E|CS|TAMS 0x00000000ee100000, 0x00000000ee100000| Complete 
| 226|0x00000000ee200000, 0x00000000ee300000, 0x00000000ee300000|100%| E|CS|TAMS 0x00000000ee200000, 0x00000000ee200000| Complete 
| 227|0x00000000ee300000, 0x00000000ee400000, 0x00000000ee400000|100%| E|CS|TAMS 0x00000000ee300000, 0x00000000ee300000| Complete 
| 228|0x00000000ee400000, 0x00000000ee500000, 0x00000000ee500000|100%| E|CS|TAMS 0x00000000ee400000, 0x00000000ee400000| Complete 
| 229|0x00000000ee500000, 0x00000000ee600000, 0x00000000ee600000|100%| E|CS|TAMS 0x00000000ee500000, 0x00000000ee500000| Complete 
| 230|0x00000000ee600000, 0x00000000ee700000, 0x00000000ee700000|100%| E|CS|TAMS 0x00000000ee600000, 0x00000000ee600000| Complete 
| 231|0x00000000ee700000, 0x00000000ee800000, 0x00000000ee800000|100%| E|CS|TAMS 0x00000000ee700000, 0x00000000ee700000| Complete 
| 232|0x00000000ee800000, 0x00000000ee900000, 0x00000000ee900000|100%| E|CS|TAMS 0x00000000ee800000, 0x00000000ee800000| Complete 
| 233|0x00000000ee900000, 0x00000000eea00000, 0x00000000eea00000|100%| E|CS|TAMS 0x00000000ee900000, 0x00000000ee900000| Complete 
| 234|0x00000000eea00000, 0x00000000eeb00000, 0x00000000eeb00000|100%| E|CS|TAMS 0x00000000eea00000, 0x00000000eea00000| Complete 
| 235|0x00000000eeb00000, 0x00000000eec00000, 0x00000000eec00000|100%| E|CS|TAMS 0x00000000eeb00000, 0x00000000eeb00000| Complete 
| 236|0x00000000eec00000, 0x00000000eed00000, 0x00000000eed00000|100%| E|CS|TAMS 0x00000000eec00000, 0x00000000eec00000| Complete 
| 237|0x00000000eed00000, 0x00000000eee00000, 0x00000000eee00000|100%| E|CS|TAMS 0x00000000eed00000, 0x00000000eed00000| Complete 
| 238|0x00000000eee00000, 0x00000000eef00000, 0x00000000eef00000|100%| E|CS|TAMS 0x00000000eee00000, 0x00000000eee00000| Complete 
| 239|0x00000000eef00000, 0x00000000ef000000, 0x00000000ef000000|100%| E|CS|TAMS 0x00000000eef00000, 0x00000000eef00000| Complete 
| 240|0x00000000ef000000, 0x00000000ef100000, 0x00000000ef100000|100%| E|CS|TAMS 0x00000000ef000000, 0x00000000ef000000| Complete 
| 241|0x00000000ef100000, 0x00000000ef200000, 0x00000000ef200000|100%| E|CS|TAMS 0x00000000ef100000, 0x00000000ef100000| Complete 
| 242|0x00000000ef200000, 0x00000000ef300000, 0x00000000ef300000|100%| E|CS|TAMS 0x00000000ef200000, 0x00000000ef200000| Complete 
| 243|0x00000000ef300000, 0x00000000ef400000, 0x00000000ef400000|100%| E|CS|TAMS 0x00000000ef300000, 0x00000000ef300000| Complete 
| 244|0x00000000ef400000, 0x00000000ef500000, 0x00000000ef500000|100%| E|  |TAMS 0x00000000ef400000, 0x00000000ef400000| Complete 
| 245|0x00000000ef500000, 0x00000000ef600000, 0x00000000ef600000|100%| E|CS|TAMS 0x00000000ef500000, 0x00000000ef500000| Complete 
| 246|0x00000000ef600000, 0x00000000ef700000, 0x00000000ef700000|100%| E|CS|TAMS 0x00000000ef600000, 0x00000000ef600000| Complete 
| 247|0x00000000ef700000, 0x00000000ef800000, 0x00000000ef800000|100%| E|CS|TAMS 0x00000000ef700000, 0x00000000ef700000| Complete 
| 248|0x00000000ef800000, 0x00000000ef900000, 0x00000000ef900000|100%| E|CS|TAMS 0x00000000ef800000, 0x00000000ef800000| Complete 
| 249|0x00000000ef900000, 0x00000000efa00000, 0x00000000efa00000|100%| E|CS|TAMS 0x00000000ef900000, 0x00000000ef900000| Complete 
| 250|0x00000000efa00000, 0x00000000efb00000, 0x00000000efb00000|100%| E|CS|TAMS 0x00000000efa00000, 0x00000000efa00000| Complete 
| 251|0x00000000efb00000, 0x00000000efc00000, 0x00000000efc00000|100%| E|CS|TAMS 0x00000000efb00000, 0x00000000efb00000| Complete 
| 252|0x00000000efc00000, 0x00000000efd00000, 0x00000000efd00000|100%| E|CS|TAMS 0x00000000efc00000, 0x00000000efc00000| Complete 
| 253|0x00000000efd00000, 0x00000000efe00000, 0x00000000efe00000|100%| E|CS|TAMS 0x00000000efd00000, 0x00000000efd00000| Complete 
| 254|0x00000000efe00000, 0x00000000eff00000, 0x00000000eff00000|100%| E|CS|TAMS 0x00000000efe00000, 0x00000000efe00000| Complete 
| 255|0x00000000eff00000, 0x00000000f0000000, 0x00000000f0000000|100%| E|CS|TAMS 0x00000000eff00000, 0x00000000eff00000| Complete 

Card table byte_map: [0x0000026897dd0000,0x0000026897ed0000] _byte_map_base: 0x00000268976d0000

Marking Bits (Prev, Next): (CMBitMap*) 0x00000268fccb20e8, (CMBitMap*) 0x00000268fccb2120
 Prev Bits: [0x0000026897fd0000, 0x00000268987d0000)
 Next Bits: [0x00000268987d0000, 0x0000026898fd0000)

Polling page: 0x0000026880000000

Metaspace:

Usage:
  Non-class:     35.17 MB capacity,    34.54 MB ( 98%) used,   553.20 KB (  2%) free+waste,    85.75 KB ( <1%) overhead. 
      Class:      5.29 MB capacity,     4.97 MB ( 94%) used,   294.05 KB (  5%) free+waste,    41.31 KB ( <1%) overhead. 
       Both:     40.46 MB capacity,    39.51 MB ( 98%) used,   847.25 KB (  2%) free+waste,   127.06 KB ( <1%) overhead. 

Virtual space:
  Non-class space:       36.00 MB reserved,      35.33 MB ( 98%) committed 
      Class space:      248.00 MB reserved,       5.38 MB (  2%) committed 
             Both:      284.00 MB reserved,      40.70 MB ( 14%) committed 

Chunk freelists:
   Non-Class:  38.00 KB
       Class:  18.00 KB
        Both:  56.00 KB

MaxMetaspaceSize: 256.00 MB
CompressedClassSpaceSize: 248.00 MB
Initial GC threshold: 20.80 MB
Current GC threshold: 58.88 MB
CDS: off

CodeHeap 'non-profiled nmethods': size=120064Kb used=1995Kb max_used=1995Kb free=118069Kb
 bounds [0x0000026890160000, 0x00000268903d0000, 0x00000268976a0000]
CodeHeap 'profiled nmethods': size=120000Kb used=7791Kb max_used=7791Kb free=112208Kb
 bounds [0x0000026888c30000, 0x00000268893d0000, 0x0000026890160000]
CodeHeap 'non-nmethods': size=5696Kb used=2257Kb max_used=2288Kb free=3438Kb
 bounds [0x00000268886a0000, 0x0000026888910000, 0x0000026888c30000]
 total_blobs=4441 nmethods=3688 adapters=664
 compilation: enabled
              stopped_count=0, restarted_count=0
 full_count=0

Compilation events (20 events):
Event: 77.849 Thread 0x000002689b639000 nmethod 3685 0x0000026890350990 code [0x0000026890350b20, 0x0000026890350bf8]
Event: 77.872 Thread 0x000002689c01c000 3686       3       java.util.WeakHashMap$HashIterator::hasNext (95 bytes)
Event: 77.873 Thread 0x000002689c01c000 nmethod 3686 0x00000268893c7110 code [0x00000268893c7300, 0x00000268893c7858]
Event: 77.873 Thread 0x000002689c01c000 3687       3       java.util.WeakHashMap$KeyIterator::next (8 bytes)
Event: 77.873 Thread 0x000002689c01c000 nmethod 3687 0x00000268893c7a10 code [0x00000268893c7be0, 0x00000268893c7f68]
Event: 77.873 Thread 0x000002689c01c000 3688       3       java.util.WeakHashMap$HashIterator::nextEntry (81 bytes)
Event: 77.873 Thread 0x000002689c01c000 nmethod 3688 0x00000268893c8090 code [0x00000268893c82a0, 0x00000268893c8808]
Event: 77.873 Thread 0x000002689c01c000 3689       3       java.util.WeakHashMap::unmaskNull (13 bytes)
Event: 77.873 Thread 0x000002689c01c000 nmethod 3689 0x00000268893c8990 code [0x00000268893c8b40, 0x00000268893c8c78]
Event: 77.876 Thread 0x000002689c01c000 3690       3       java.util.zip.Inflater$InflaterZStreamRef::clean (10 bytes)
Event: 77.876 Thread 0x000002689c01c000 nmethod 3690 0x00000268893c8d10 code [0x00000268893c8ec0, 0x00000268893c9088]
Event: 77.876 Thread 0x000002689c01c000 3691  s    3       java.util.zip.Inflater$InflaterZStreamRef::run (21 bytes)
Event: 77.877 Thread 0x000002689c01c000 nmethod 3691 0x00000268893c9190 code [0x00000268893c9360, 0x00000268893c9648]
Event: 77.877 Thread 0x000002689c01c000 3692   !   3       java.util.zip.Inflater::end (37 bytes)
Event: 77.877 Thread 0x000002689c01c000 nmethod 3692 0x00000268893c9710 code [0x00000268893c98e0, 0x00000268893c9d68]
Event: 77.944 Thread 0x000002689b639000 3694       4       java.util.zip.ZipFile$InflaterCleanupAction::run (12 bytes)
Event: 77.993 Thread 0x000002689b639000 nmethod 3694 0x0000026890351110 code [0x0000026890351300, 0x0000026890352118]
Event: 77.994 Thread 0x000002689b639000 3695   !   4       java.util.zip.ZipFile$CleanableResource::releaseInflater (53 bytes)
Event: 77.998 Thread 0x000002689c01c000 3696   !   3       java.util.zip.ZipFile$CleanableResource::run (251 bytes)
Event: 77.999 Thread 0x000002689c01c000 nmethod 3696 0x00000268893c9f10 code [0x00000268893ca1e0, 0x00000268893cb478]

GC Heap History (12 events):
Event: 7.608 GC heap before
{Heap before GC invocations=0 (full 0):
 garbage-first heap   total 262144K, used 19456K [0x00000000e0000000, 0x0000000100000000)
  region size 1024K, 14 young (14336K), 0 survivors (0K)
 Metaspace       used 6982K, capacity 7211K, committed 7424K, reserved 262144K
  class space    used 598K, capacity 681K, committed 768K, reserved 253952K
}
Event: 9.763 GC heap after
{Heap after GC invocations=1 (full 0):
 garbage-first heap   total 262144K, used 7994K [0x00000000e0000000, 0x0000000100000000)
  region size 1024K, 2 young (2048K), 2 survivors (2048K)
 Metaspace       used 6982K, capacity 7211K, committed 7424K, reserved 262144K
  class space    used 598K, capacity 681K, committed 768K, reserved 253952K
}
Event: 18.181 GC heap before
{Heap before GC invocations=1 (full 0):
 garbage-first heap   total 262144K, used 44858K [0x00000000e0000000, 0x0000000100000000)
  region size 1024K, 38 young (38912K), 2 survivors (2048K)
 Metaspace       used 10735K, capacity 10951K, committed 11264K, reserved 264192K
  class space    used 1094K, capacity 1163K, committed 1280K, reserved 253952K
}
Event: 18.187 GC heap after
{Heap after GC invocations=2 (full 0):
 garbage-first heap   total 262144K, used 9380K [0x00000000e0000000, 0x0000000100000000)
  region size 1024K, 4 young (4096K), 4 survivors (4096K)
 Metaspace       used 10735K, capacity 10951K, committed 11264K, reserved 264192K
  class space    used 1094K, capacity 1163K, committed 1280K, reserved 253952K
}
Event: 29.332 GC heap before
{Heap before GC invocations=2 (full 0):
 garbage-first heap   total 262144K, used 50340K [0x00000000e0000000, 0x0000000100000000)
  region size 1024K, 45 young (46080K), 4 survivors (4096K)
 Metaspace       used 17190K, capacity 17583K, committed 17792K, reserved 270336K
  class space    used 1945K, capacity 2052K, committed 2176K, reserved 253952K
}
Event: 29.341 GC heap after
{Heap after GC invocations=3 (full 0):
 garbage-first heap   total 262144K, used 15906K [0x00000000e0000000, 0x0000000100000000)
  region size 1024K, 6 young (6144K), 6 survivors (6144K)
 Metaspace       used 17190K, capacity 17583K, committed 17792K, reserved 270336K
  class space    used 1945K, capacity 2052K, committed 2176K, reserved 253952K
}
Event: 32.135 GC heap before
{Heap before GC invocations=3 (full 0):
 garbage-first heap   total 262144K, used 44578K [0x00000000e0000000, 0x0000000100000000)
  region size 1024K, 35 young (35840K), 6 survivors (6144K)
 Metaspace       used 20744K, capacity 21219K, committed 21296K, reserved 274432K
  class space    used 2492K, capacity 2655K, committed 2688K, reserved 253952K
}
Event: 32.143 GC heap after
{Heap after GC invocations=4 (full 0):
 garbage-first heap   total 262144K, used 16978K [0x00000000e0000000, 0x0000000100000000)
  region size 1024K, 2 young (2048K), 2 survivors (2048K)
 Metaspace       used 20744K, capacity 21219K, committed 21296K, reserved 274432K
  class space    used 2492K, capacity 2655K, committed 2688K, reserved 253952K
}
Event: 51.397 GC heap before
{Heap before GC invocations=5 (full 0):
 garbage-first heap   total 262144K, used 81490K [0x00000000e0000000, 0x0000000100000000)
  region size 1024K, 57 young (58368K), 2 survivors (2048K)
 Metaspace       used 26246K, capacity 26897K, committed 27184K, reserved 278528K
  class space    used 3349K, capacity 3606K, committed 3712K, reserved 253952K
}
Event: 51.402 GC heap after
{Heap after GC invocations=6 (full 0):
 garbage-first heap   total 262144K, used 27848K [0x00000000e0000000, 0x0000000100000000)
  region size 1024K, 4 young (4096K), 4 survivors (4096K)
 Metaspace       used 26246K, capacity 26897K, committed 27184K, reserved 278528K
  class space    used 3349K, capacity 3606K, committed 3712K, reserved 253952K
}
Event: 63.412 GC heap before
{Heap before GC invocations=6 (full 0):
 garbage-first heap   total 262144K, used 111816K [0x00000000e0000000, 0x0000000100000000)
  region size 1024K, 65 young (66560K), 4 survivors (4096K)
 Metaspace       used 35029K, capacity 35852K, committed 35920K, reserved 286720K
  class space    used 4483K, capacity 4808K, committed 4864K, reserved 253952K
}
Event: 63.422 GC heap after
{Heap after GC invocations=7 (full 0):
 garbage-first heap   total 262144K, used 56427K [0x00000000e0000000, 0x0000000100000000)
  region size 1024K, 9 young (9216K), 9 survivors (9216K)
 Metaspace       used 35029K, capacity 35852K, committed 35920K, reserved 286720K
  class space    used 4483K, capacity 4808K, committed 4864K, reserved 253952K
}

Deoptimization events (20 events):
Event: 67.265 Thread 0x00000268a5450800 DEOPT PACKING pc=0x00000268902edddc sp=0x000000d4595f5920
Event: 67.265 Thread 0x00000268a5450800 DEOPT UNPACKING pc=0x00000268886ea1af sp=0x000000d4595f58c8 mode 2
Event: 75.327 Thread 0x00000268a5450800 Uncommon trap: trap_request=0xffffff4d fr.pc=0x000002689029f46c relative=0x000000000000050c
Event: 75.327 Thread 0x00000268a5450800 Uncommon trap: reason=unstable_if action=reinterpret pc=0x000002689029f46c method=java.lang.StringCoding.decodeUTF8([BIIZ)Ljava/lang/StringCoding$Result; @ 12 c2
Event: 75.327 Thread 0x00000268a5450800 DEOPT PACKING pc=0x000002689029f46c sp=0x000000d4595fad80
Event: 75.327 Thread 0x00000268a5450800 DEOPT UNPACKING pc=0x00000268886ea1af sp=0x000000d4595fad60 mode 2
Event: 75.895 Thread 0x00000268a5450800 DEOPT PACKING pc=0x0000026888cdb734 sp=0x000000d4595fa600
Event: 75.895 Thread 0x00000268a5450800 DEOPT UNPACKING pc=0x00000268886ea95e sp=0x000000d4595f9b50 mode 0
Event: 75.953 Thread 0x00000268a5450800 Uncommon trap: trap_request=0xffffffcc fr.pc=0x000002689033da6c relative=0x000000000000104c
Event: 75.954 Thread 0x00000268a5450800 Uncommon trap: reason=intrinsic_or_type_checked_inlining action=make_not_entrant pc=0x000002689033da6c method=java.util.ArrayList.toArray([Ljava/lang/Object;)[Ljava/lang/Object; @ 36 c2
Event: 75.954 Thread 0x00000268a5450800 DEOPT PACKING pc=0x000002689033da6c sp=0x000000d4595fac30
Event: 75.954 Thread 0x00000268a5450800 DEOPT UNPACKING pc=0x00000268886ea1af sp=0x000000d4595fab88 mode 2
Event: 75.989 Thread 0x00000268a5450800 DEOPT PACKING pc=0x0000026889161604 sp=0x000000d4595f9fd0
Event: 75.989 Thread 0x00000268a5450800 DEOPT UNPACKING pc=0x00000268886ea95e sp=0x000000d4595f95a8 mode 0
Event: 75.993 Thread 0x00000268a5450800 Uncommon trap: trap_request=0xffffff4d fr.pc=0x00000268901df520 relative=0x0000000000001a20
Event: 75.993 Thread 0x00000268a5450800 Uncommon trap: reason=unstable_if action=reinterpret pc=0x00000268901df520 method=java.util.zip.ZipFile$Source.initCEN(ILjava/util/zip/ZipCoder;)V @ 621 c2
Event: 75.993 Thread 0x00000268a5450800 DEOPT PACKING pc=0x00000268901df520 sp=0x000000d4595fa0e0
Event: 75.993 Thread 0x00000268a5450800 DEOPT UNPACKING pc=0x00000268886ea1af sp=0x000000d4595fa0b0 mode 2
Event: 76.320 Thread 0x00000268a5450800 DEOPT PACKING pc=0x0000026888f8878f sp=0x000000d4595fa2c0
Event: 76.320 Thread 0x00000268a5450800 DEOPT UNPACKING pc=0x00000268886ea95e sp=0x000000d4595f96e0 mode 0

Classes redefined (0 events):
No events

Internal exceptions (20 events):
Event: 67.413 Thread 0x00000268a5450800 Exception <a 'java/lang/ClassNotFoundException'{0x00000000ee4a6f48}: sync_studio_tooling7059_erckexohyddq5e0kfqxl3nlgx$_run_closure1BeanInfo> (0x00000000ee4a6f48) thrown at [./src/hotspot/share/classfile/systemDictionary.cpp, line 230]
Event: 67.413 Thread 0x00000268a5450800 Exception <a 'java/lang/ClassNotFoundException'{0x00000000ee4ad2e8}: sync_studio_tooling7059_erckexohyddq5e0kfqxl3nlgx$_run_closure1Customizer> (0x00000000ee4ad2e8) thrown at [./src/hotspot/share/classfile/systemDictionary.cpp, line 230]
Event: 67.571 Thread 0x00000268a5450800 Exception <a 'java/lang/NoSuchMethodError'{0x00000000ede0a330}: 'java.lang.Object java.lang.invoke.DirectMethodHandle$Holder.invokeStatic(java.lang.Object, int, java.lang.Object)'> (0x00000000ede0a330) thrown at [./src/hotspot/share/interpreter/linkResolver.cpp, line 773]
Event: 67.711 Thread 0x00000268a5450800 Exception <a 'java/lang/NoSuchMethodError'{0x00000000ed8d1698}: 'java.lang.Object java.lang.invoke.DirectMethodHandle$Holder.invokeStatic(java.lang.Object, java.lang.Object, java.lang.Object, int)'> (0x00000000ed8d1698) thrown at [./src/hotspot/share/interpreter/linkResolver.cpp, line 773]
Event: 67.712 Thread 0x00000268a5450800 Exception <a 'java/lang/NoSuchMethodError'{0x00000000ed8d5cb0}: 'java.lang.Object java.lang.invoke.DirectMethodHandle$Holder.invokeSpecial(java.lang.Object, java.lang.Object, java.lang.Object, java.lang.Object, int)'> (0x00000000ed8d5cb0) thrown at [./src/hotspot/share/interpreter/linkResolver.cpp, line 773]
Event: 67.712 Thread 0x00000268a5450800 Exception <a 'java/lang/NoSuchMethodError'{0x00000000ed8d9be8}: 'java.lang.Object java.lang.invoke.Invokers$Holder.linkToTargetMethod(java.lang.Object, java.lang.Object, int, java.lang.Object)'> (0x00000000ed8d9be8) thrown at [./src/hotspot/share/interpreter/linkResolver.cpp, line 773]
Event: 67.719 Thread 0x00000268a5450800 Exception <a 'java/lang/NoSuchMethodError'{0x00000000ed722d68}: 'int java.lang.invoke.DirectMethodHandle$Holder.invokeInterface(java.lang.Object, java.lang.Object)'> (0x00000000ed722d68) thrown at [./src/hotspot/share/interpreter/linkResolver.cpp, line 773]
Event: 67.719 Thread 0x00000268a5450800 Exception <a 'java/lang/IncompatibleClassChangeError'{0x00000000ed7265a0}: Found class java.lang.Object, but interface was expected> (0x00000000ed7265a0) thrown at [./src/hotspot/share/interpreter/linkResolver.cpp, line 839]
Event: 67.745 Thread 0x00000268a5450800 Exception <a 'java/lang/NoSuchMethodError'{0x00000000ed6a8e40}: 'java.lang.Object java.lang.invoke.Invokers$Holder.linkToTargetMethod(java.lang.Object, int, java.lang.Object)'> (0x00000000ed6a8e40) thrown at [./src/hotspot/share/interpreter/linkResolver.cpp, line 773]
Event: 67.778 Thread 0x00000268a5450800 Exception <a 'java/lang/NoSuchMethodError'{0x00000000ed214d88}: 'int java.lang.invoke.DirectMethodHandle$Holder.invokeStaticInit(java.lang.Object)'> (0x00000000ed214d88) thrown at [./src/hotspot/share/interpreter/linkResolver.cpp, line 773]
Event: 74.953 Thread 0x00000268a63f7000 Exception <a 'sun/nio/fs/WindowsException'{0x00000000ecf74358}> (0x00000000ecf74358) thrown at [./src/hotspot/share/prims/jni.cpp, line 617]
Event: 74.955 Thread 0x00000268a63f7000 Exception <a 'sun/nio/fs/WindowsException'{0x00000000ecf74538}> (0x00000000ecf74538) thrown at [./src/hotspot/share/prims/jni.cpp, line 617]
Event: 75.308 Thread 0x00000268a5450800 Exception <a 'java/lang/ClassNotFoundException'{0x00000000ecfafbf0}: sync_studio_tooling7059_erckexohyddq5e0kfqxl3nlgxBeanInfo> (0x00000000ecfafbf0) thrown at [./src/hotspot/share/classfile/systemDictionary.cpp, line 230]
Event: 75.308 Thread 0x00000268a5450800 Exception <a 'java/lang/ClassNotFoundException'{0x00000000ecfb9d10}: sync_studio_tooling7059_erckexohyddq5e0kfqxl3nlgxCustomizer> (0x00000000ecfb9d10) thrown at [./src/hotspot/share/classfile/systemDictionary.cpp, line 230]
Event: 75.900 Thread 0x00000268a5450800 Exception <a 'java/lang/ClassNotFoundException'{0x00000000ece87ac8}: ijinit_8bfgqdg4qcrk6g3nnk6kb4vi4BeanInfo> (0x00000000ece87ac8) thrown at [./src/hotspot/share/classfile/systemDictionary.cpp, line 230]
Event: 75.900 Thread 0x00000268a5450800 Exception <a 'java/lang/ClassNotFoundException'{0x00000000ece90bf8}: ijinit_8bfgqdg4qcrk6g3nnk6kb4vi4Customizer> (0x00000000ece90bf8) thrown at [./src/hotspot/share/classfile/systemDictionary.cpp, line 230]
Event: 75.905 Thread 0x00000268a5450800 Exception <a 'java/lang/ClassNotFoundException'{0x00000000eced4650}: ijinit_8bfgqdg4qcrk6g3nnk6kb4vi4$_run_closure1BeanInfo> (0x00000000eced4650) thrown at [./src/hotspot/share/classfile/systemDictionary.cpp, line 230]
Event: 75.906 Thread 0x00000268a5450800 Exception <a 'java/lang/ClassNotFoundException'{0x00000000eceda918}: ijinit_8bfgqdg4qcrk6g3nnk6kb4vi4$_run_closure1Customizer> (0x00000000eceda918) thrown at [./src/hotspot/share/classfile/systemDictionary.cpp, line 230]
Event: 75.993 Thread 0x00000268a5450800 Implicit null exception at 0x00000268901de5e8 to 0x00000268901df50c
Event: 77.867 Thread 0x00000268a5450800 Exception <a 'java/lang/OutOfMemoryError'{0x00000000e8a4fd98}> (0x00000000e8a4fd98) thrown at [./src/hotspot/share/prims/jni.cpp, line 638]

Events (20 events):
Event: 75.996 loading class org/gradle/api/internal/file/archive/impl/JdkZipEntry done
Event: 75.996 loading class org/gradle/api/internal/file/archive/impl/FileZipInput$1$1
Event: 75.996 loading class org/gradle/api/internal/file/archive/impl/FileZipInput$1$1 done
Event: 75.997 loading class org/gradle/api/internal/changedetection/state/ZipHasher$ZipEntryRelativePath
Event: 75.997 loading class org/gradle/api/internal/changedetection/state/ZipHasher$ZipEntryRelativePath done
Event: 75.997 loading class org/gradle/api/internal/changedetection/state/ZipEntryContext
Event: 75.997 loading class org/gradle/api/internal/changedetection/state/ZipEntryContext done
Event: 76.198 Executing VM operation: RevokeBias
Event: 76.198 Executing VM operation: RevokeBias done
Event: 76.198 Executing VM operation: RevokeBias
Event: 76.198 Executing VM operation: RevokeBias done
Event: 76.199 Executing VM operation: BulkRevokeBias
Event: 76.199 Executing VM operation: BulkRevokeBias done
Event: 77.867 loading class java/util/zip/DataFormatException
Event: 77.868 loading class java/util/zip/DataFormatException done
Event: 77.868 loading class java/util/WeakHashMap$KeyIterator
Event: 77.870 loading class java/util/WeakHashMap$HashIterator
Event: 77.871 loading class java/util/WeakHashMap$HashIterator done
Event: 77.871 loading class java/util/WeakHashMap$KeyIterator done
Event: 77.878 Loaded shared library C:\Users\\.jdks\corretto-11.0.15\bin\zip.dll


Dynamic libraries:
0x00007ff746ec0000 - 0x00007ff746ecd000 	C:\Users\\.jdks\corretto-11.0.15\bin\java.exe
0x00007ff84d3d0000 - 0x00007ff84d5c7000 	C:\WINDOWS\SYSTEM32\ntdll.dll
0x00007ff84d110000 - 0x00007ff84d1cd000 	C:\WINDOWS\System32\KERNEL32.DLL
0x00007ff84ad40000 - 0x00007ff84b00d000 	C:\WINDOWS\System32\KERNELBASE.dll
0x00007ff84aba0000 - 0x00007ff84aca0000 	C:\WINDOWS\System32\ucrtbase.dll
0x00007ff824ca0000 - 0x00007ff824cb7000 	C:\Users\\.jdks\corretto-11.0.15\bin\jli.dll
0x00007ff84c9a0000 - 0x00007ff84cb40000 	C:\WINDOWS\System32\USER32.dll
0x00007ff84b2a0000 - 0x00007ff84b2c2000 	C:\WINDOWS\System32\win32u.dll
0x00007ff84bab0000 - 0x00007ff84bada000 	C:\WINDOWS\System32\GDI32.dll
0x00007ff84b190000 - 0x00007ff84b29b000 	C:\WINDOWS\System32\gdi32full.dll
0x00007ff84aca0000 - 0x00007ff84ad3d000 	C:\WINDOWS\System32\msvcp_win.dll
0x00007ff8252a0000 - 0x00007ff8252b9000 	C:\Users\\.jdks\corretto-11.0.15\bin\VCRUNTIME140.dll
0x00007ff83ab40000 - 0x00007ff83adda000 	C:\WINDOWS\WinSxS\amd64_microsoft.windows.common-controls_6595b64144ccf1df_6.0.19041.1110_none_60b5254171f9507e\COMCTL32.dll
0x00007ff84c380000 - 0x00007ff84c41e000 	C:\WINDOWS\System32\msvcrt.dll
0x00007ff84b710000 - 0x00007ff84b740000 	C:\WINDOWS\System32\IMM32.DLL
0x00007fffeba60000 - 0x00007fffebafb000 	C:\Users\\.jdks\corretto-11.0.15\bin\msvcp140.dll
0x00007fffeabc0000 - 0x00007fffeb743000 	C:\Users\\.jdks\corretto-11.0.15\bin\server\jvm.dll
0x00007ff84b430000 - 0x00007ff84b4de000 	C:\WINDOWS\System32\ADVAPI32.dll
0x00007ff84b540000 - 0x00007ff84b5dc000 	C:\WINDOWS\System32\sechost.dll
0x00007ff84b5e0000 - 0x00007ff84b705000 	C:\WINDOWS\System32\RPCRT4.dll
0x00007ff84b740000 - 0x00007ff84b748000 	C:\WINDOWS\System32\PSAPI.DLL
0x00007ff819760000 - 0x00007ff819769000 	C:\WINDOWS\SYSTEM32\WSOCK32.dll
0x00007ff84c310000 - 0x00007ff84c37b000 	C:\WINDOWS\System32\WS2_32.dll
0x00007ff842560000 - 0x00007ff842587000 	C:\WINDOWS\SYSTEM32\WINMM.dll
0x00007ff843050000 - 0x00007ff84305a000 	C:\WINDOWS\SYSTEM32\VERSION.dll
0x00007ff848930000 - 0x00007ff848942000 	C:\WINDOWS\SYSTEM32\kernel.appcore.dll
0x00007ff831530000 - 0x00007ff831540000 	C:\Users\\.jdks\corretto-11.0.15\bin\verify.dll
0x00007ff8400b0000 - 0x00007ff840294000 	C:\WINDOWS\SYSTEM32\DBGHELP.DLL
0x00007ff837270000 - 0x00007ff83729c000 	C:\WINDOWS\SYSTEM32\dbgcore.DLL
0x00007ff84b0b0000 - 0x00007ff84b132000 	C:\WINDOWS\System32\bcryptPrimitives.dll
0x00007ff81c420000 - 0x00007ff81c448000 	C:\Users\\.jdks\corretto-11.0.15\bin\java.dll
0x00007ff82b020000 - 0x00007ff82b02a000 	C:\Users\\.jdks\corretto-11.0.15\bin\jimage.dll
0x00007ff8242f0000 - 0x00007ff824308000 	C:\Users\\.jdks\corretto-11.0.15\bin\zip.dll
0x00007ff84bb60000 - 0x00007ff84c2a4000 	C:\WINDOWS\System32\SHELL32.dll
0x00007ff848c10000 - 0x00007ff8493a4000 	C:\WINDOWS\SYSTEM32\windows.storage.dll
0x00007ff84b750000 - 0x00007ff84baa4000 	C:\WINDOWS\System32\combase.dll
0x00007ff84a480000 - 0x00007ff84a4ac000 	C:\WINDOWS\SYSTEM32\Wldp.dll
0x00007ff84c420000 - 0x00007ff84c4cd000 	C:\WINDOWS\System32\SHCORE.dll
0x00007ff84d0b0000 - 0x00007ff84d105000 	C:\WINDOWS\System32\shlwapi.dll
0x00007ff84aa30000 - 0x00007ff84aa4f000 	C:\WINDOWS\SYSTEM32\profapi.dll
0x00007ff823870000 - 0x00007ff823889000 	C:\Users\\.jdks\corretto-11.0.15\bin\net.dll
0x00007ff841fa0000 - 0x00007ff8420aa000 	C:\WINDOWS\SYSTEM32\WINHTTP.dll
0x00007ff84a1e0000 - 0x00007ff84a24a000 	C:\WINDOWS\system32\mswsock.dll
0x00007ff823040000 - 0x00007ff823053000 	C:\Users\\.jdks\corretto-11.0.15\bin\nio.dll
0x00007ff8236c0000 - 0x00007ff8236e6000 	C:\Users\\.gradle\native\fdc75f09e3144964f2cf3f50f0aa648679c211496f362492102eb8c894070792\windows-amd64\native-platform.dll
0x00007ff800ea0000 - 0x00007ff801031000 	C:\Users\\.gradle\native\12488b8bf47d2d4c9fbf2f6322a914ad602e24e48041cd04a747c6da556b65c4\windows-amd64\native-platform-file-events.dll
0x00007ff846390000 - 0x00007ff846399000 	C:\Users\\.jdks\corretto-11.0.15\bin\management.dll
0x00007ff846360000 - 0x00007ff84636b000 	C:\Users\\.jdks\corretto-11.0.15\bin\management_ext.dll
0x00007ff84a3d0000 - 0x00007ff84a3e8000 	C:\WINDOWS\SYSTEM32\CRYPTSP.dll
0x00007ff849b60000 - 0x00007ff849b94000 	C:\WINDOWS\system32\rsaenh.dll
0x00007ff84b080000 - 0x00007ff84b0a7000 	C:\WINDOWS\System32\bcrypt.dll
0x00007ff84a9f0000 - 0x00007ff84aa1e000 	C:\WINDOWS\SYSTEM32\USERENV.dll
0x00007ff84a3f0000 - 0x00007ff84a3fc000 	C:\WINDOWS\SYSTEM32\CRYPTBASE.dll
0x00007ff849ed0000 - 0x00007ff849f0b000 	C:\WINDOWS\SYSTEM32\IPHLPAPI.DLL
0x00007ff84cf50000 - 0x00007ff84cf58000 	C:\WINDOWS\System32\NSI.dll
0x00007ff842fe0000 - 0x00007ff842ff7000 	C:\WINDOWS\SYSTEM32\dhcpcsvc6.DLL
0x00007ff842f80000 - 0x00007ff842f9d000 	C:\WINDOWS\SYSTEM32\dhcpcsvc.DLL
0x00007ff849f10000 - 0x00007ff849fdb000 	C:\WINDOWS\SYSTEM32\DNSAPI.dll
0x00007ff843070000 - 0x00007ff84307b000 	C:\WINDOWS\SYSTEM32\WINNSI.DLL

dbghelp: loaded successfully - version: 4.0.5 - missing functions: none
symbol engine: initialized successfully - sym options: 0x614 - pdb path: .;C:\Users\\.jdks\corretto-11.0.15\bin;C:\WINDOWS\SYSTEM32;C:\WINDOWS\WinSxS\amd64_microsoft.windows.common-controls_6595b64144ccf1df_6.0.19041.1110_none_60b5254171f9507e;C:\Users\\.jdks\corretto-11.0.15\bin\server;C:\Users\\.gradle\native\fdc75f09e3144964f2cf3f50f0aa648679c211496f362492102eb8c894070792\windows-amd64;C:\Users\\.gradle\native\12488b8bf47d2d4c9fbf2f6322a914ad602e24e48041cd04a747c6da556b65c4\windows-amd64

VM Arguments:
jvm_args: --add-opens=java.base/java.util=ALL-UNNAMED --add-opens=java.base/java.lang=ALL-UNNAMED --add-opens=java.base/java.lang.invoke=ALL-UNNAMED --add-opens=java.prefs/java.util.prefs=ALL-UNNAMED -XX:MaxMetaspaceSize=256m -XX:+HeapDumpOnOutOfMemoryError -Xms256m -Xmx512m -Dfile.encoding=windows-1251 -Duser.country=US -Duser.language=en -Duser.variant 
java_command: org.gradle.launcher.daemon.bootstrap.GradleDaemon 6.7
java_class_path (initial): C:\Users\\.gradle\wrapper\dists\gradle-6.7-bin\efvqh8uyq79v2n7rcncuhu9sv\gradle-6.7\lib\gradle-launcher-6.7.jar
Launcher Type: SUN_STANDARD

[Global flags]
     intx CICompilerCount                          = 3                                         {product} {ergonomic}
   size_t CompressedClassSpaceSize                 = 260046848                                 {product} {ergonomic}
     uint ConcGCThreads                            = 1                                         {product} {ergonomic}
     uint G1ConcRefinementThreads                  = 4                                         {product} {ergonomic}
   size_t G1HeapRegionSize                         = 1048576                                   {product} {ergonomic}
    uintx GCDrainStackTargetSize                   = 64                                        {product} {ergonomic}
     bool HeapDumpOnOutOfMemoryError               = true                                   {manageable} {command line}
   size_t InitialHeapSize                          = 268435456                                 {product} {command line}
   size_t MarkStackSize                            = 4194304                                   {product} {ergonomic}
   size_t MaxHeapSize                              = 536870912                                 {product} {command line}
   size_t MaxMetaspaceSize                         = 268435456                                 {product} {command line}
   size_t MaxNewSize                               = 321912832                                 {product} {ergonomic}
   size_t MinHeapDeltaBytes                        = 1048576                                   {product} {ergonomic}
    uintx NonNMethodCodeHeapSize                   = 5830732                                {pd product} {ergonomic}
    uintx NonProfiledCodeHeapSize                  = 122913754                              {pd product} {ergonomic}
    uintx ProfiledCodeHeapSize                     = 122913754                              {pd product} {ergonomic}
    uintx ReservedCodeCacheSize                    = 251658240                              {pd product} {ergonomic}
     bool SegmentedCodeCache                       = true                                      {product} {ergonomic}
     bool UseCompressedClassPointers               = true                                 {lp64_product} {ergonomic}
     bool UseCompressedOops                        = true                                 {lp64_product} {ergonomic}
     bool UseG1GC                                  = true                                      {product} {ergonomic}
     bool UseLargePagesIndividualAllocation        = false                                  {pd product} {ergonomic}

Logging:
Log output configuration:
 #0: stdout all=warning uptime,level,tags
 #1: stderr all=off uptime,level,tags

Environment Variables:
PATH=C:\Program Files\Eclipse Adoptium\jdk-11.0.14.101-hotspot\bin;C:\Windows\system32;C:\Windows;C:\Windows\System32\Wbem;C:\Windows\System32\WindowsPowerShell\v1.0\;C:\Windows\System32\OpenSSH\;C:\Program Files\NVIDIA Corporation\NVIDIA NvDLISR;C:\Program Files\Common Files\Autodesk Shared\;C:\WINDOWS\system32 C:\Python33;C:\WINDOWS;C:\WINDOWS\System32\Wbem;C:\WINDOWS\System32\WindowsPowerShell\v1.0\;C:\WINDOWS\System32\OpenSSH\;C:\Program Files (x86)\NVIDIA Corporation\PhysX\Common;C:\Users\\PICT\;C:\Program Files\Git\cmd;C:\Users\\AppData\Local\Microsoft\WindowsApps;C:\Program Files\JetBrains\PyCharm Community Edition 2020.3.5\bin;C:\Users\\AppData\Local\JetBrains\Toolbox\scripts
USERNAME=Alex
OS=Windows_NT
PROCESSOR_IDENTIFIER=Intel64 Family 6 Model 42 Stepping 7, GenuineIntel



---------------  S Y S T E M  ---------------

OS: Windows 10 , 64 bit Build 19041 (10.0.19041.1741)
OS uptime: 0 days 5:27 hours

CPU:total 4 (initial active 4) (4 cores per cpu, 1 threads per core) family 6 model 42 stepping 7 microcode 0x2f, cmov, cx8, fxsr, mmx, sse, sse2, sse3, ssse3, sse4.1, sse4.2, popcnt, avx, aes, clmul, tsc, tscinvbit

Memory: 4k page, system-wide physical 8153M (313M free)
TotalPageFile size 19673M (AvailPageFile size 552M)
current process WorkingSet (physical memory assigned to process): 171M, peak: 304M
current process commit charge ("private bytes"): 418M, peak: 575M

vm_info: OpenJDK 64-Bit Server VM (11.0.15+9-LTS) for windows-amd64 JRE (11.0.15+9-LTS), built on Apr 15 2022 22:20:31 by "Administrator" with unknown MS VC++:1916

END.
