#
# There is insufficient memory for the Java Runtime Environment to continue.
# Native memory allocation (malloc) failed to allocate 52896 bytes for Chunk::new
# Possible reasons:
#   The system is out of physical RAM or swap space
#   The process is running with CompressedOops enabled, and the Java Heap may be blocking the growth of the native heap
# Possible solutions:
#   Reduce memory load on the system
#   Increase physical memory or swap space
#   Check if swap backing store is full
#   Decrease Java heap size (-Xmx/-Xms)
#   Decrease number of Java threads
#   Decrease Java thread stack sizes (-Xss)
#   Set larger code cache with -XX:ReservedCodeCacheSize=
#   JVM is running with Unscaled Compressed Oops mode in which the Java heap is
#     placed in the first 4GB address space. The Java Heap base address is the
#     maximum limit for the native heap growth. Please use -XX:HeapBaseMinAddress
#     to set the Java Heap base and to place the Java Heap above 4GB virtual address.
# This output file may be truncated or incomplete.
#
#  Out of Memory Error (./src/hotspot/share/memory/arena.cpp:197), pid=14576, tid=14728
#
# JRE version: OpenJDK Runtime Environment Corretto-11.0.15.9.1 (11.0.15+9) (build 11.0.15+9-LTS)
# Java VM: OpenJDK 64-Bit Server VM Corretto-11.0.15.9.1 (11.0.15+9-LTS, mixed mode, tiered, compressed oops, g1 gc, windows-amd64)
# No core dump will be written. Minidumps are not enabled by default on client versions of Windows
#

---------------  S U M M A R Y ------------

Command Line: --add-opens=java.base/java.util=ALL-UNNAMED --add-opens=java.base/java.lang=ALL-UNNAMED --add-opens=java.base/java.lang.invoke=ALL-UNNAMED --add-opens=java.prefs/java.util.prefs=ALL-UNNAMED -XX:MaxMetaspaceSize=256m -XX:+HeapDumpOnOutOfMemoryError -Xms256m -Xmx512m -Dfile.encoding=windows-1251 -Duser.country=US -Duser.language=en -Duser.variant org.gradle.launcher.daemon.bootstrap.GradleDaemon 6.7

Host: Intel(R) Core(TM) i5-2400 CPU @ 3.10GHz, 4 cores, 7G,  Windows 10 , 64 bit Build 19041 (10.0.19041.1741)
Time: Thu Aug  4 20:06:06 2022 Russia TZ 2 Standard Time elapsed time: 52.655336 seconds (0d 0h 0m 52s)

---------------  T H R E A D  ---------------

Current thread (0x0000019bb22ab000):  JavaThread "C2 CompilerThread0" daemon [_thread_in_native, id=14728, stack(0x0000005f9dd00000,0x0000005f9de00000)]


Current CompileTask:
C2:  52655 3702       4       java.util.WeakHashMap$HashIterator::hasNext (95 bytes)

Stack: [0x0000005f9dd00000,0x0000005f9de00000]
Native frames: (J=compiled Java code, j=interpreted, Vv=VM code, C=native code)
V  [jvm.dll+0x61e7ba]
V  [jvm.dll+0x7ab749]
V  [jvm.dll+0x7ace38]
V  [jvm.dll+0x7ad513]
V  [jvm.dll+0x24f968]
V  [jvm.dll+0xc262c]
V  [jvm.dll+0xc2bec]
V  [jvm.dll+0x2c17e4]
V  [jvm.dll+0x52da49]
V  [jvm.dll+0x20a657]
V  [jvm.dll+0x207e6b]
V  [jvm.dll+0x18a371]
V  [jvm.dll+0x2176e4]
V  [jvm.dll+0x21592b]
V  [jvm.dll+0x76e250]
V  [jvm.dll+0x7671b4]
V  [jvm.dll+0x61d616]
C  [ucrtbase.dll+0x21bb2]
C  [KERNEL32.DLL+0x17034]
C  [ntdll.dll+0x52651]


---------------  P R O C E S S  ---------------

Threads class SMR info:
_java_thread_list=0x0000019bbde57d80, length=46, elements={
0x0000019b953be000, 0x0000019bb2292000, 0x0000019bb2293800, 0x0000019bb22a5000,
0x0000019bb22a6000, 0x0000019bb22a8000, 0x0000019bb22ab000, 0x0000019bb22ae800,
0x0000019bb2c5f800, 0x0000019bb2d60000, 0x0000019bbc9e1000, 0x0000019bb3671800,
0x0000019bb376f800, 0x0000019bb3770000, 0x0000019bbce70000, 0x0000019bbc536000,
0x0000019bbc38f800, 0x0000019bbce80800, 0x0000019bbc204800, 0x0000019bbcfcb800,
0x0000019bbce35000, 0x0000019bbce36000, 0x0000019bbce33800, 0x0000019bbce37000,
0x0000019bbce34800, 0x0000019bbce37800, 0x0000019bbce32000, 0x0000019bbce38800,
0x0000019bbce32800, 0x0000019bbd1d3800, 0x0000019bbd1d1000, 0x0000019bbd1d6000,
0x0000019bbd1d4800, 0x0000019bbd1d2000, 0x0000019bbd1d3000, 0x0000019bbd1d5800,
0x0000019bbd1d0800, 0x0000019bbd1da000, 0x0000019bbd1d9800, 0x0000019bbd1d7000,
0x0000019bbd1d8800, 0x0000019bbd1dc000, 0x0000019bbd1dc800, 0x0000019bbd1dd800,
0x0000019bbd1d7800, 0x0000019bbd1db000
}

Java Threads: ( => current thread )
  0x0000019b953be000 JavaThread "main" [_thread_blocked, id=11848, stack(0x0000005f9d100000,0x0000005f9d200000)]
  0x0000019bb2292000 JavaThread "Reference Handler" daemon [_thread_blocked, id=14672, stack(0x0000005f9d800000,0x0000005f9d900000)]
  0x0000019bb2293800 JavaThread "Finalizer" daemon [_thread_blocked, id=5384, stack(0x0000005f9d900000,0x0000005f9da00000)]
  0x0000019bb22a5000 JavaThread "Signal Dispatcher" daemon [_thread_blocked, id=14752, stack(0x0000005f9da00000,0x0000005f9db00000)]
  0x0000019bb22a6000 JavaThread "Attach Listener" daemon [_thread_blocked, id=14736, stack(0x0000005f9db00000,0x0000005f9dc00000)]
  0x0000019bb22a8000 JavaThread "Service Thread" daemon [_thread_blocked, id=14740, stack(0x0000005f9dc00000,0x0000005f9dd00000)]
=>0x0000019bb22ab000 JavaThread "C2 CompilerThread0" daemon [_thread_in_native, id=14728, stack(0x0000005f9dd00000,0x0000005f9de00000)]
  0x0000019bb22ae800 JavaThread "C1 CompilerThread0" daemon [_thread_blocked, id=14748, stack(0x0000005f9de00000,0x0000005f9df00000)]
  0x0000019bb2c5f800 JavaThread "Sweeper thread" daemon [_thread_blocked, id=14776, stack(0x0000005f9df00000,0x0000005f9e000000)]
  0x0000019bb2d60000 JavaThread "Common-Cleaner" daemon [_thread_blocked, id=14772, stack(0x0000005f9e000000,0x0000005f9e100000)]
  0x0000019bbc9e1000 JavaThread "Daemon health stats" [_thread_blocked, id=13336, stack(0x0000005f9e500000,0x0000005f9e600000)]
  0x0000019bb3671800 JavaThread "Incoming local TCP Connector on port 54231" [_thread_in_native, id=14592, stack(0x0000005f9e800000,0x0000005f9e900000)]
  0x0000019bb376f800 JavaThread "Daemon" [_thread_blocked, id=9584, stack(0x0000005f9e900000,0x0000005f9ea00000)]
  0x0000019bb3770000 JavaThread "Handler for socket connection from /127.0.0.1:54231 to /127.0.0.1:54232" [_thread_in_native, id=14036, stack(0x0000005f9ea00000,0x0000005f9eb00000)]
  0x0000019bbce70000 JavaThread "Daemon periodic checks" [_thread_blocked, id=15216, stack(0x0000005f9eb00000,0x0000005f9ec00000)]
  0x0000019bbc536000 JavaThread "Cancel handler" [_thread_blocked, id=15312, stack(0x0000005f9ec00000,0x0000005f9ed00000)]
  0x0000019bbc38f800 JavaThread "Daemon worker" [_thread_in_Java, id=13968, stack(0x0000005f9ed00000,0x0000005f9ee00000)]
  0x0000019bbce80800 JavaThread "Asynchronous log dispatcher for DefaultDaemonConnection: socket connection from /127.0.0.1:54231 to /127.0.0.1:54232" [_thread_blocked, id=9436, stack(0x0000005f9ee00000,0x0000005f9ef00000)]
  0x0000019bbc204800 JavaThread "Stdin handler" [_thread_blocked, id=9144, stack(0x0000005f9ef00000,0x0000005f9f000000)]
  0x0000019bbcfcb800 JavaThread "Thread-8" [_thread_blocked, id=15152, stack(0x0000005f9f000000,0x0000005f9f100000)]
  0x0000019bbce35000 JavaThread "Cache worker for file hash cache (C:\Users\Алекс\.gradle\caches\6.7\fileHashes)" [_thread_blocked, id=15432, stack(0x0000005f9f100000,0x0000005f9f200000)]
  0x0000019bbce36000 JavaThread "File lock request listener" [_thread_in_native, id=15436, stack(0x0000005f9f200000,0x0000005f9f300000)]
  0x0000019bbce33800 JavaThread "Cache worker for journal cache (C:\Users\Алекс\.gradle\caches\journal-1)" [_thread_blocked, id=15456, stack(0x0000005f9f300000,0x0000005f9f400000)]
  0x0000019bbce37000 JavaThread "Cache worker for file hash cache (C:\IdeaProjects\AUT_Taks1.2_API_CI\AUT_Taks1.2_API_CI\patterns\patterns-task1\.gradle\6.7\fileHashes)" [_thread_blocked, id=15460, stack(0x0000005f9f400000,0x0000005f9f500000)]
  0x0000019bbce34800 JavaThread "File lock release action executor" [_thread_blocked, id=15540, stack(0x0000005f9f500000,0x0000005f9f600000)]
  0x0000019bbce37800 JavaThread "jar transforms" [_thread_blocked, id=15904, stack(0x0000005f9f600000,0x0000005f9f700000)]
  0x0000019bbce32000 JavaThread "jar transforms Thread 2" [_thread_blocked, id=15908, stack(0x0000005f9f700000,0x0000005f9f800000)]
  0x0000019bbce38800 JavaThread "jar transforms Thread 3" [_thread_blocked, id=15912, stack(0x0000005f9f800000,0x0000005f9f900000)]
  0x0000019bbce32800 JavaThread "jar transforms Thread 4" [_thread_blocked, id=15916, stack(0x0000005f9f900000,0x0000005f9fa00000)]
  0x0000019bbd1d3800 JavaThread "jar transforms Thread 5" [_thread_blocked, id=15920, stack(0x0000005f9fa00000,0x0000005f9fb00000)]
  0x0000019bbd1d1000 JavaThread "jar transforms Thread 6" [_thread_blocked, id=15924, stack(0x0000005f9fb00000,0x0000005f9fc00000)]
  0x0000019bbd1d6000 JavaThread "jar transforms Thread 7" [_thread_blocked, id=15928, stack(0x0000005f9fc00000,0x0000005f9fd00000)]
  0x0000019bbd1d4800 JavaThread "jar transforms Thread 8" [_thread_blocked, id=15932, stack(0x0000005f9fd00000,0x0000005f9fe00000)]
  0x0000019bbd1d2000 JavaThread "jar transforms Thread 9" [_thread_blocked, id=15936, stack(0x0000005f9fe00000,0x0000005f9ff00000)]
  0x0000019bbd1d3000 JavaThread "jar transforms Thread 10" [_thread_blocked, id=15940, stack(0x0000005f9ff00000,0x0000005fa0000000)]
  0x0000019bbd1d5800 JavaThread "jar transforms Thread 11" [_thread_blocked, id=15944, stack(0x0000005fa0000000,0x0000005fa0100000)]
  0x0000019bbd1d0800 JavaThread "jar transforms Thread 12" [_thread_blocked, id=15948, stack(0x0000005fa0100000,0x0000005fa0200000)]
  0x0000019bbd1da000 JavaThread "jar transforms Thread 13" [_thread_blocked, id=15952, stack(0x0000005fa0200000,0x0000005fa0300000)]
  0x0000019bbd1d9800 JavaThread "jar transforms Thread 14" [_thread_blocked, id=15956, stack(0x0000005fa0300000,0x0000005fa0400000)]
  0x0000019bbd1d7000 JavaThread "jar transforms Thread 15" [_thread_blocked, id=15960, stack(0x0000005fa0400000,0x0000005fa0500000)]
  0x0000019bbd1d8800 JavaThread "jar transforms Thread 16" [_thread_blocked, id=15964, stack(0x0000005fa0500000,0x0000005fa0600000)]
  0x0000019bbd1dc000 JavaThread "Cache worker for checksums cache (C:\IdeaProjects\AUT_Taks1.2_API_CI\AUT_Taks1.2_API_CI\patterns\patterns-task1\.gradle\checksums)" [_thread_blocked, id=16080, stack(0x0000005fa0600000,0x0000005fa0700000)]
  0x0000019bbd1dc800 JavaThread "Cache worker for cache directory md-supplier (C:\Users\Алекс\.gradle\caches\6.7\md-supplier)" [_thread_blocked, id=16100, stack(0x0000005fa0700000,0x0000005fa0800000)]
  0x0000019bbd1dd800 JavaThread "Cache worker for cache directory md-rule (C:\Users\Алекс\.gradle\caches\6.7\md-rule)" [_thread_blocked, id=16104, stack(0x0000005fa0800000,0x0000005fa0900000)]
  0x0000019bbd1d7800 JavaThread "Cache worker for execution history cache (C:\Users\Алекс\.gradle\caches\6.7\executionHistory)" [_thread_blocked, id=16108, stack(0x0000005fa0900000,0x0000005fa0a00000)]
  0x0000019bbd1db000 JavaThread "Cache worker for file content cache (C:\Users\Алекс\.gradle\caches\6.7\fileContent)" [_thread_blocked, id=9172, stack(0x0000005fa0a00000,0x0000005fa0b00000)]

Other Threads:
  0x0000019bb227f000 VMThread "VM Thread" [stack: 0x0000005f9d700000,0x0000005f9d800000] [id=14668]
  0x0000019bb2d9c000 WatcherThread [stack: 0x0000005f9e100000,0x0000005f9e200000] [id=14756]
  0x0000019b953f2800 GCTaskThread "GC Thread#0" [stack: 0x0000005f9d200000,0x0000005f9d300000] [id=14708]
  0x0000019bb2fb6000 GCTaskThread "GC Thread#1" [stack: 0x0000005f9e200000,0x0000005f9e300000] [id=5176]
  0x0000019bb2f9b000 GCTaskThread "GC Thread#2" [stack: 0x0000005f9e300000,0x0000005f9e400000] [id=14544]
  0x0000019bb3449000 GCTaskThread "GC Thread#3" [stack: 0x0000005f9e400000,0x0000005f9e500000] [id=6984]
  0x0000019b95404000 ConcurrentGCThread "G1 Main Marker" [stack: 0x0000005f9d300000,0x0000005f9d400000] [id=14692]
  0x0000019b95407000 ConcurrentGCThread "G1 Conc#0" [stack: 0x0000005f9d400000,0x0000005f9d500000] [id=14688]
  0x0000019bb20f6800 ConcurrentGCThread "G1 Refine#0" [stack: 0x0000005f9d500000,0x0000005f9d600000] [id=14684]
  0x0000019bbd62e800 ConcurrentGCThread "G1 Refine#1" [stack: 0x0000005fa0b00000,0x0000005fa0c00000] [id=14368]
  0x0000019bc013e800 ConcurrentGCThread "G1 Refine#2" [stack: 0x0000005fa0c00000,0x0000005fa0d00000] [id=15000]
  0x0000019bc7461000 ConcurrentGCThread "G1 Refine#3" [stack: 0x0000005fa0d00000,0x0000005fa0e00000] [id=14968]
  0x0000019bb20f7800 ConcurrentGCThread "G1 Young RemSet Sampling" [stack: 0x0000005f9d600000,0x0000005f9d700000] [id=14680]

Threads with active compile tasks:
C2 CompilerThread0    52879 3702       4       java.util.WeakHashMap$HashIterator::hasNext (95 bytes)

VM state:not at safepoint (normal execution)

VM Mutex/Monitor currently owned by a thread: None

OutOfMemory and StackOverflow Exception counts:
OutOfMemoryError java_heap_errors=1
LinkageErrors=104

Heap address: 0x00000000e0000000, size: 512 MB, Compressed Oops mode: 32-bit
Narrow klass base: 0x0000000000000000, Narrow klass shift: 3
Compressed class space size: 260046848 Address: 0x0000000100000000

Heap:
 garbage-first heap   total 262144K, used 139033K [0x00000000e0000000, 0x0000000100000000)
  region size 1024K, 65 young (66560K), 19 survivors (19456K)
 Metaspace       used 40425K, capacity 41335K, committed 41680K, reserved 290816K
  class space    used 5079K, capacity 5390K, committed 5504K, reserved 253952K
Heap Regions: E=young(eden), S=young(survivor), O=old, HS=humongous(starts), HC=humongous(continues), CS=collection set, F=free, A=archive, TAMS=top-at-mark-start (previous, next)
|   0|0x00000000e0000000, 0x00000000e0100000, 0x00000000e0100000|100%| O|  |TAMS 0x00000000e0100000, 0x00000000e0000000| Untracked 
|   1|0x00000000e0100000, 0x00000000e0200000, 0x00000000e0200000|100%| O|  |TAMS 0x00000000e0200000, 0x00000000e0100000| Untracked 
|   2|0x00000000e0200000, 0x00000000e0300000, 0x00000000e0300000|100%| O|  |TAMS 0x00000000e0300000, 0x00000000e0200000| Untracked 
|   3|0x00000000e0300000, 0x00000000e0400000, 0x00000000e0400000|100%|HS|  |TAMS 0x00000000e0400000, 0x00000000e0300000| Complete 
|   4|0x00000000e0400000, 0x00000000e0500000, 0x00000000e0500000|100%|HC|  |TAMS 0x00000000e0500000, 0x00000000e0400000| Complete 
|   5|0x00000000e0500000, 0x00000000e0600000, 0x00000000e0600000|100%|HC|  |TAMS 0x00000000e0600000, 0x00000000e0500000| Complete 
|   6|0x00000000e0600000, 0x00000000e0700000, 0x00000000e0700000|100%| O|  |TAMS 0x00000000e0700000, 0x00000000e0600000| Untracked 
|   7|0x00000000e0700000, 0x00000000e0800000, 0x00000000e0800000|100%| O|  |TAMS 0x00000000e0800000, 0x00000000e0700000| Untracked 
|   8|0x00000000e0800000, 0x00000000e0900000, 0x00000000e0900000|100%| O|  |TAMS 0x00000000e0900000, 0x00000000e0800000| Untracked 
|   9|0x00000000e0900000, 0x00000000e0a00000, 0x00000000e0a00000|100%| O|  |TAMS 0x00000000e0a00000, 0x00000000e0900000| Untracked 
|  10|0x00000000e0a00000, 0x00000000e0b00000, 0x00000000e0b00000|100%| O|  |TAMS 0x00000000e0b00000, 0x00000000e0a00000| Untracked 
|  11|0x00000000e0b00000, 0x00000000e0c00000, 0x00000000e0c00000|100%| O|  |TAMS 0x00000000e0c00000, 0x00000000e0b00000| Untracked 
|  12|0x00000000e0c00000, 0x00000000e0d00000, 0x00000000e0d00000|100%| O|  |TAMS 0x00000000e0d00000, 0x00000000e0c00000| Untracked 
|  13|0x00000000e0d00000, 0x00000000e0e00000, 0x00000000e0e00000|100%|HS|  |TAMS 0x00000000e0e00000, 0x00000000e0d00000| Complete 
|  14|0x00000000e0e00000, 0x00000000e0f00000, 0x00000000e0f00000|100%|HC|  |TAMS 0x00000000e0f00000, 0x00000000e0e00000| Complete 
|  15|0x00000000e0f00000, 0x00000000e1000000, 0x00000000e1000000|100%|HS|  |TAMS 0x00000000e1000000, 0x00000000e0f00000| Complete 
|  16|0x00000000e1000000, 0x00000000e1100000, 0x00000000e1100000|100%|HC|  |TAMS 0x00000000e1100000, 0x00000000e1000000| Complete 
|  17|0x00000000e1100000, 0x00000000e1200000, 0x00000000e1200000|100%|HC|  |TAMS 0x00000000e1200000, 0x00000000e1100000| Complete 
|  18|0x00000000e1200000, 0x00000000e1300000, 0x00000000e1300000|100%|HS|  |TAMS 0x00000000e1300000, 0x00000000e1200000| Complete 
|  19|0x00000000e1300000, 0x00000000e1400000, 0x00000000e1400000|100%|HC|  |TAMS 0x00000000e1400000, 0x00000000e1300000| Complete 
|  20|0x00000000e1400000, 0x00000000e1500000, 0x00000000e1500000|100%|HC|  |TAMS 0x00000000e1500000, 0x00000000e1400000| Complete 
|  21|0x00000000e1500000, 0x00000000e1600000, 0x00000000e1600000|100%|HS|  |TAMS 0x00000000e1600000, 0x00000000e1500000| Complete 
|  22|0x00000000e1600000, 0x00000000e1700000, 0x00000000e1700000|100%|HC|  |TAMS 0x00000000e1700000, 0x00000000e1600000| Complete 
|  23|0x00000000e1700000, 0x00000000e1800000, 0x00000000e1800000|100%|HS|  |TAMS 0x00000000e1800000, 0x00000000e1700000| Complete 
|  24|0x00000000e1800000, 0x00000000e1900000, 0x00000000e1900000|100%|HC|  |TAMS 0x00000000e1900000, 0x00000000e1800000| Complete 
|  25|0x00000000e1900000, 0x00000000e1a00000, 0x00000000e1a00000|100%|HC|  |TAMS 0x00000000e1a00000, 0x00000000e1900000| Complete 
|  26|0x00000000e1a00000, 0x00000000e1b00000, 0x00000000e1b00000|100%|HC|  |TAMS 0x00000000e1b00000, 0x00000000e1a00000| Complete 
|  27|0x00000000e1b00000, 0x00000000e1c00000, 0x00000000e1c00000|100%|HC|  |TAMS 0x00000000e1c00000, 0x00000000e1b00000| Complete 
|  28|0x00000000e1c00000, 0x00000000e1d00000, 0x00000000e1d00000|100%|HC|  |TAMS 0x00000000e1d00000, 0x00000000e1c00000| Complete 
|  29|0x00000000e1d00000, 0x00000000e1e00000, 0x00000000e1e00000|100%|HC|  |TAMS 0x00000000e1e00000, 0x00000000e1d00000| Complete 
|  30|0x00000000e1e00000, 0x00000000e1f00000, 0x00000000e1f00000|100%|HS|  |TAMS 0x00000000e1f00000, 0x00000000e1e00000| Complete 
|  31|0x00000000e1f00000, 0x00000000e2000000, 0x00000000e2000000|100%|HS|  |TAMS 0x00000000e2000000, 0x00000000e1f00000| Complete 
|  32|0x00000000e2000000, 0x00000000e2100000, 0x00000000e2100000|100%|HS|  |TAMS 0x00000000e2100000, 0x00000000e2000000| Complete 
|  33|0x00000000e2100000, 0x00000000e2200000, 0x00000000e2200000|100%|HC|  |TAMS 0x00000000e2200000, 0x00000000e2100000| Complete 
|  34|0x00000000e2200000, 0x00000000e2300000, 0x00000000e2300000|100%|HC|  |TAMS 0x00000000e2300000, 0x00000000e2200000| Complete 
|  35|0x00000000e2300000, 0x00000000e2400000, 0x00000000e2400000|100%|HC|  |TAMS 0x00000000e2400000, 0x00000000e2300000| Complete 
|  36|0x00000000e2400000, 0x00000000e2500000, 0x00000000e2500000|100%|HC|  |TAMS 0x00000000e2500000, 0x00000000e2400000| Complete 
|  37|0x00000000e2500000, 0x00000000e2600000, 0x00000000e2600000|100%|HC|  |TAMS 0x00000000e2600000, 0x00000000e2500000| Complete 
|  38|0x00000000e2600000, 0x00000000e2700000, 0x00000000e2700000|100%|HC|  |TAMS 0x00000000e2700000, 0x00000000e2600000| Complete 
|  39|0x00000000e2700000, 0x00000000e2800000, 0x00000000e2800000|100%|HC|  |TAMS 0x00000000e2800000, 0x00000000e2700000| Complete 
|  40|0x00000000e2800000, 0x00000000e2900000, 0x00000000e2900000|100%|HC|  |TAMS 0x00000000e2900000, 0x00000000e2800000| Complete 
|  41|0x00000000e2900000, 0x00000000e2a00000, 0x00000000e2a00000|100%|HC|  |TAMS 0x00000000e2a00000, 0x00000000e2900000| Complete 
|  42|0x00000000e2a00000, 0x00000000e2b00000, 0x00000000e2b00000|100%|HS|  |TAMS 0x00000000e2b00000, 0x00000000e2a00000| Complete 
|  43|0x00000000e2b00000, 0x00000000e2c00000, 0x00000000e2c00000|100%|HC|  |TAMS 0x00000000e2c00000, 0x00000000e2b00000| Complete 
|  44|0x00000000e2c00000, 0x00000000e2d00000, 0x00000000e2d00000|100%| O|  |TAMS 0x00000000e2d00000, 0x00000000e2c00000| Untracked 
|  45|0x00000000e2d00000, 0x00000000e2e00000, 0x00000000e2e00000|100%| O|  |TAMS 0x00000000e2e00000, 0x00000000e2d00000| Untracked 
|  46|0x00000000e2e00000, 0x00000000e2f00000, 0x00000000e2f00000|100%| O|  |TAMS 0x00000000e2e9cc00, 0x00000000e2e00000| Untracked 
|  47|0x00000000e2f00000, 0x00000000e2f00000, 0x00000000e3000000|  0%| F|  |TAMS 0x00000000e2f00000, 0x00000000e2f00000| Untracked 
|  48|0x00000000e3000000, 0x00000000e3000000, 0x00000000e3100000|  0%| F|  |TAMS 0x00000000e3000000, 0x00000000e3000000| Untracked 
|  49|0x00000000e3100000, 0x00000000e3100000, 0x00000000e3200000|  0%| F|  |TAMS 0x00000000e3100000, 0x00000000e3100000| Untracked 
|  50|0x00000000e3200000, 0x00000000e3300000, 0x00000000e3300000|100%|HS|  |TAMS 0x00000000e3200000, 0x00000000e3200000| Complete 
|  51|0x00000000e3300000, 0x00000000e3400000, 0x00000000e3400000|100%|HC|  |TAMS 0x00000000e3300000, 0x00000000e3300000| Complete 
|  52|0x00000000e3400000, 0x00000000e3500000, 0x00000000e3500000|100%|HC|  |TAMS 0x00000000e3400000, 0x00000000e3400000| Complete 
|  53|0x00000000e3500000, 0x00000000e3600000, 0x00000000e3600000|100%| O|  |TAMS 0x00000000e3500000, 0x00000000e3500000| Untracked 
|  54|0x00000000e3600000, 0x00000000e3700000, 0x00000000e3700000|100%| O|  |TAMS 0x00000000e3600000, 0x00000000e3600000| Untracked 
|  55|0x00000000e3700000, 0x00000000e3800000, 0x00000000e3800000|100%| O|  |TAMS 0x00000000e3700000, 0x00000000e3700000| Untracked 
|  56|0x00000000e3800000, 0x00000000e3900000, 0x00000000e3900000|100%| O|  |TAMS 0x00000000e3800000, 0x00000000e3800000| Untracked 
|  57|0x00000000e3900000, 0x00000000e3a00000, 0x00000000e3a00000|100%| O|  |TAMS 0x00000000e3900000, 0x00000000e3900000| Untracked 
|  58|0x00000000e3a00000, 0x00000000e3b00000, 0x00000000e3b00000|100%| O|  |TAMS 0x00000000e3a00000, 0x00000000e3a00000| Untracked 
|  59|0x00000000e3b00000, 0x00000000e3c00000, 0x00000000e3c00000|100%| O|  |TAMS 0x00000000e3b00000, 0x00000000e3b00000| Untracked 
|  60|0x00000000e3c00000, 0x00000000e3d00000, 0x00000000e3d00000|100%| O|  |TAMS 0x00000000e3c00000, 0x00000000e3c00000| Untracked 
|  61|0x00000000e3d00000, 0x00000000e3e00000, 0x00000000e3e00000|100%| O|  |TAMS 0x00000000e3d00000, 0x00000000e3d00000| Untracked 
|  62|0x00000000e3e00000, 0x00000000e3f00000, 0x00000000e3f00000|100%| O|  |TAMS 0x00000000e3e00000, 0x00000000e3e00000| Untracked 
|  63|0x00000000e3f00000, 0x00000000e4000000, 0x00000000e4000000|100%| O|  |TAMS 0x00000000e3f00000, 0x00000000e3f00000| Untracked 
|  64|0x00000000e4000000, 0x00000000e4100000, 0x00000000e4100000|100%| O|  |TAMS 0x00000000e4000000, 0x00000000e4000000| Untracked 
|  65|0x00000000e4100000, 0x00000000e4200000, 0x00000000e4200000|100%| O|  |TAMS 0x00000000e4100000, 0x00000000e4100000| Untracked 
|  66|0x00000000e4200000, 0x00000000e4300000, 0x00000000e4300000|100%| O|  |TAMS 0x00000000e4200000, 0x00000000e4200000| Untracked 
|  67|0x00000000e4300000, 0x00000000e4400000, 0x00000000e4400000|100%| O|  |TAMS 0x00000000e4300000, 0x00000000e4300000| Untracked 
|  68|0x00000000e4400000, 0x00000000e4500000, 0x00000000e4500000|100%| O|  |TAMS 0x00000000e4400000, 0x00000000e4400000| Untracked 
|  69|0x00000000e4500000, 0x00000000e4600000, 0x00000000e4600000|100%| O|  |TAMS 0x00000000e4500000, 0x00000000e4500000| Untracked 
|  70|0x00000000e4600000, 0x00000000e4700000, 0x00000000e4700000|100%| O|  |TAMS 0x00000000e4600000, 0x00000000e4600000| Untracked 
|  71|0x00000000e4700000, 0x00000000e4800000, 0x00000000e4800000|100%| O|  |TAMS 0x00000000e4700000, 0x00000000e4700000| Untracked 
|  72|0x00000000e4800000, 0x00000000e4900000, 0x00000000e4900000|100%| O|  |TAMS 0x00000000e4800000, 0x00000000e4800000| Untracked 
|  73|0x00000000e4900000, 0x00000000e4a00000, 0x00000000e4a00000|100%| O|  |TAMS 0x00000000e4900000, 0x00000000e4900000| Untracked 
|  74|0x00000000e4a00000, 0x00000000e4ac6400, 0x00000000e4b00000| 77%| O|  |TAMS 0x00000000e4a00000, 0x00000000e4a00000| Untracked 
|  75|0x00000000e4b00000, 0x00000000e4b00000, 0x00000000e4c00000|  0%| F|  |TAMS 0x00000000e4b00000, 0x00000000e4b00000| Untracked 
|  76|0x00000000e4c00000, 0x00000000e4c00000, 0x00000000e4d00000|  0%| F|  |TAMS 0x00000000e4c00000, 0x00000000e4c00000| Untracked 
|  77|0x00000000e4d00000, 0x00000000e4d00000, 0x00000000e4e00000|  0%| F|  |TAMS 0x00000000e4d00000, 0x00000000e4d00000| Untracked 
|  78|0x00000000e4e00000, 0x00000000e4e00000, 0x00000000e4f00000|  0%| F|  |TAMS 0x00000000e4e00000, 0x00000000e4e00000| Untracked 
|  79|0x00000000e4f00000, 0x00000000e4f00000, 0x00000000e5000000|  0%| F|  |TAMS 0x00000000e4f00000, 0x00000000e4f00000| Untracked 
|  80|0x00000000e5000000, 0x00000000e5000000, 0x00000000e5100000|  0%| F|  |TAMS 0x00000000e5000000, 0x00000000e5000000| Untracked 
|  81|0x00000000e5100000, 0x00000000e5100000, 0x00000000e5200000|  0%| F|  |TAMS 0x00000000e5100000, 0x00000000e5100000| Untracked 
|  82|0x00000000e5200000, 0x00000000e5200000, 0x00000000e5300000|  0%| F|  |TAMS 0x00000000e5200000, 0x00000000e5200000| Untracked 
|  83|0x00000000e5300000, 0x00000000e5300000, 0x00000000e5400000|  0%| F|  |TAMS 0x00000000e5300000, 0x00000000e5300000| Untracked 
|  84|0x00000000e5400000, 0x00000000e5400000, 0x00000000e5500000|  0%| F|  |TAMS 0x00000000e5400000, 0x00000000e5400000| Untracked 
|  85|0x00000000e5500000, 0x00000000e5500000, 0x00000000e5600000|  0%| F|  |TAMS 0x00000000e5500000, 0x00000000e5500000| Untracked 
|  86|0x00000000e5600000, 0x00000000e5600000, 0x00000000e5700000|  0%| F|  |TAMS 0x00000000e5600000, 0x00000000e5600000| Untracked 
|  87|0x00000000e5700000, 0x00000000e5700000, 0x00000000e5800000|  0%| F|  |TAMS 0x00000000e5700000, 0x00000000e5700000| Untracked 
|  88|0x00000000e5800000, 0x00000000e5800000, 0x00000000e5900000|  0%| F|  |TAMS 0x00000000e5800000, 0x00000000e5800000| Untracked 
|  89|0x00000000e5900000, 0x00000000e5900000, 0x00000000e5a00000|  0%| F|  |TAMS 0x00000000e5900000, 0x00000000e5900000| Untracked 
|  90|0x00000000e5a00000, 0x00000000e5a00000, 0x00000000e5b00000|  0%| F|  |TAMS 0x00000000e5a00000, 0x00000000e5a00000| Untracked 
|  91|0x00000000e5b00000, 0x00000000e5c00000, 0x00000000e5c00000|100%| S|CS|TAMS 0x00000000e5b00000, 0x00000000e5b00000| Complete 
|  92|0x00000000e5c00000, 0x00000000e5d00000, 0x00000000e5d00000|100%| S|CS|TAMS 0x00000000e5c00000, 0x00000000e5c00000| Complete 
|  93|0x00000000e5d00000, 0x00000000e5e00000, 0x00000000e5e00000|100%| S|CS|TAMS 0x00000000e5d00000, 0x00000000e5d00000| Complete 
|  94|0x00000000e5e00000, 0x00000000e5f00000, 0x00000000e5f00000|100%| S|CS|TAMS 0x00000000e5e00000, 0x00000000e5e00000| Complete 
|  95|0x00000000e5f00000, 0x00000000e6000000, 0x00000000e6000000|100%| S|CS|TAMS 0x00000000e5f00000, 0x00000000e5f00000| Complete 
|  96|0x00000000e6000000, 0x00000000e6100000, 0x00000000e6100000|100%| S|CS|TAMS 0x00000000e6000000, 0x00000000e6000000| Complete 
|  97|0x00000000e6100000, 0x00000000e6200000, 0x00000000e6200000|100%| S|CS|TAMS 0x00000000e6100000, 0x00000000e6100000| Complete 
|  98|0x00000000e6200000, 0x00000000e6300000, 0x00000000e6300000|100%| S|CS|TAMS 0x00000000e6200000, 0x00000000e6200000| Complete 
|  99|0x00000000e6300000, 0x00000000e6400000, 0x00000000e6400000|100%| S|CS|TAMS 0x00000000e6300000, 0x00000000e6300000| Complete 
| 100|0x00000000e6400000, 0x00000000e6500000, 0x00000000e6500000|100%| S|CS|TAMS 0x00000000e6400000, 0x00000000e6400000| Complete 
| 101|0x00000000e6500000, 0x00000000e6600000, 0x00000000e6600000|100%| S|CS|TAMS 0x00000000e6500000, 0x00000000e6500000| Complete 
| 102|0x00000000e6600000, 0x00000000e6700000, 0x00000000e6700000|100%| S|CS|TAMS 0x00000000e6600000, 0x00000000e6600000| Complete 
| 103|0x00000000e6700000, 0x00000000e6800000, 0x00000000e6800000|100%| S|CS|TAMS 0x00000000e6700000, 0x00000000e6700000| Complete 
| 104|0x00000000e6800000, 0x00000000e6900000, 0x00000000e6900000|100%| S|CS|TAMS 0x00000000e6800000, 0x00000000e6800000| Complete 
| 105|0x00000000e6900000, 0x00000000e6a00000, 0x00000000e6a00000|100%| S|CS|TAMS 0x00000000e6900000, 0x00000000e6900000| Complete 
| 106|0x00000000e6a00000, 0x00000000e6b00000, 0x00000000e6b00000|100%| S|CS|TAMS 0x00000000e6a00000, 0x00000000e6a00000| Complete 
| 107|0x00000000e6b00000, 0x00000000e6c00000, 0x00000000e6c00000|100%| S|CS|TAMS 0x00000000e6b00000, 0x00000000e6b00000| Complete 
| 108|0x00000000e6c00000, 0x00000000e6d00000, 0x00000000e6d00000|100%| S|CS|TAMS 0x00000000e6c00000, 0x00000000e6c00000| Complete 
| 109|0x00000000e6d00000, 0x00000000e6e00000, 0x00000000e6e00000|100%| S|CS|TAMS 0x00000000e6d00000, 0x00000000e6d00000| Complete 
| 110|0x00000000e6e00000, 0x00000000e6e00000, 0x00000000e6f00000|  0%| F|  |TAMS 0x00000000e6e00000, 0x00000000e6e00000| Untracked 
| 111|0x00000000e6f00000, 0x00000000e6f00000, 0x00000000e7000000|  0%| F|  |TAMS 0x00000000e6f00000, 0x00000000e6f00000| Untracked 
| 112|0x00000000e7000000, 0x00000000e7000000, 0x00000000e7100000|  0%| F|  |TAMS 0x00000000e7000000, 0x00000000e7000000| Untracked 
| 113|0x00000000e7100000, 0x00000000e7100000, 0x00000000e7200000|  0%| F|  |TAMS 0x00000000e7100000, 0x00000000e7100000| Untracked 
| 114|0x00000000e7200000, 0x00000000e7200000, 0x00000000e7300000|  0%| F|  |TAMS 0x00000000e7200000, 0x00000000e7200000| Untracked 
| 115|0x00000000e7300000, 0x00000000e7300000, 0x00000000e7400000|  0%| F|  |TAMS 0x00000000e7300000, 0x00000000e7300000| Untracked 
| 116|0x00000000e7400000, 0x00000000e7400000, 0x00000000e7500000|  0%| F|  |TAMS 0x00000000e7400000, 0x00000000e7400000| Untracked 
| 117|0x00000000e7500000, 0x00000000e7500000, 0x00000000e7600000|  0%| F|  |TAMS 0x00000000e7500000, 0x00000000e7500000| Untracked 
| 118|0x00000000e7600000, 0x00000000e7600000, 0x00000000e7700000|  0%| F|  |TAMS 0x00000000e7600000, 0x00000000e7600000| Untracked 
| 119|0x00000000e7700000, 0x00000000e7700000, 0x00000000e7800000|  0%| F|  |TAMS 0x00000000e7700000, 0x00000000e7700000| Untracked 
| 120|0x00000000e7800000, 0x00000000e7800000, 0x00000000e7900000|  0%| F|  |TAMS 0x00000000e7800000, 0x00000000e7800000| Untracked 
| 121|0x00000000e7900000, 0x00000000e7900000, 0x00000000e7a00000|  0%| F|  |TAMS 0x00000000e7900000, 0x00000000e7900000| Untracked 
| 122|0x00000000e7a00000, 0x00000000e7a00000, 0x00000000e7b00000|  0%| F|  |TAMS 0x00000000e7a00000, 0x00000000e7a00000| Untracked 
| 123|0x00000000e7b00000, 0x00000000e7b00000, 0x00000000e7c00000|  0%| F|  |TAMS 0x00000000e7b00000, 0x00000000e7b00000| Untracked 
| 124|0x00000000e7c00000, 0x00000000e7c00000, 0x00000000e7d00000|  0%| F|  |TAMS 0x00000000e7c00000, 0x00000000e7c00000| Untracked 
| 125|0x00000000e7d00000, 0x00000000e7d00000, 0x00000000e7e00000|  0%| F|  |TAMS 0x00000000e7d00000, 0x00000000e7d00000| Untracked 
| 126|0x00000000e7e00000, 0x00000000e7e00000, 0x00000000e7f00000|  0%| F|  |TAMS 0x00000000e7e00000, 0x00000000e7e00000| Untracked 
| 127|0x00000000e7f00000, 0x00000000e7f00000, 0x00000000e8000000|  0%| F|  |TAMS 0x00000000e7f00000, 0x00000000e7f00000| Untracked 
| 128|0x00000000e8000000, 0x00000000e8000000, 0x00000000e8100000|  0%| F|  |TAMS 0x00000000e8000000, 0x00000000e8000000| Untracked 
| 129|0x00000000e8100000, 0x00000000e8100000, 0x00000000e8200000|  0%| F|  |TAMS 0x00000000e8100000, 0x00000000e8100000| Untracked 
| 130|0x00000000e8200000, 0x00000000e8200000, 0x00000000e8300000|  0%| F|  |TAMS 0x00000000e8200000, 0x00000000e8200000| Untracked 
| 131|0x00000000e8300000, 0x00000000e8300000, 0x00000000e8400000|  0%| F|  |TAMS 0x00000000e8300000, 0x00000000e8300000| Untracked 
| 132|0x00000000e8400000, 0x00000000e8400000, 0x00000000e8500000|  0%| F|  |TAMS 0x00000000e8400000, 0x00000000e8400000| Untracked 
| 133|0x00000000e8500000, 0x00000000e8500000, 0x00000000e8600000|  0%| F|  |TAMS 0x00000000e8500000, 0x00000000e8500000| Untracked 
| 134|0x00000000e8600000, 0x00000000e8600000, 0x00000000e8700000|  0%| F|  |TAMS 0x00000000e8600000, 0x00000000e8600000| Untracked 
| 135|0x00000000e8700000, 0x00000000e8700000, 0x00000000e8800000|  0%| F|  |TAMS 0x00000000e8700000, 0x00000000e8700000| Untracked 
| 136|0x00000000e8800000, 0x00000000e8800000, 0x00000000e8900000|  0%| F|  |TAMS 0x00000000e8800000, 0x00000000e8800000| Untracked 
| 137|0x00000000e8900000, 0x00000000e8900000, 0x00000000e8a00000|  0%| F|  |TAMS 0x00000000e8900000, 0x00000000e8900000| Untracked 
| 138|0x00000000e8a00000, 0x00000000e8a00000, 0x00000000e8b00000|  0%| F|  |TAMS 0x00000000e8a00000, 0x00000000e8a00000| Untracked 
| 139|0x00000000e8b00000, 0x00000000e8b00000, 0x00000000e8c00000|  0%| F|  |TAMS 0x00000000e8b00000, 0x00000000e8b00000| Untracked 
| 140|0x00000000e8c00000, 0x00000000e8c00000, 0x00000000e8d00000|  0%| F|  |TAMS 0x00000000e8c00000, 0x00000000e8c00000| Untracked 
| 141|0x00000000e8d00000, 0x00000000e8d00000, 0x00000000e8e00000|  0%| F|  |TAMS 0x00000000e8d00000, 0x00000000e8d00000| Untracked 
| 142|0x00000000e8e00000, 0x00000000e8e00000, 0x00000000e8f00000|  0%| F|  |TAMS 0x00000000e8e00000, 0x00000000e8e00000| Untracked 
| 143|0x00000000e8f00000, 0x00000000e8f00000, 0x00000000e9000000|  0%| F|  |TAMS 0x00000000e8f00000, 0x00000000e8f00000| Untracked 
| 144|0x00000000e9000000, 0x00000000e9000000, 0x00000000e9100000|  0%| F|  |TAMS 0x00000000e9000000, 0x00000000e9000000| Untracked 
| 145|0x00000000e9100000, 0x00000000e9100000, 0x00000000e9200000|  0%| F|  |TAMS 0x00000000e9100000, 0x00000000e9100000| Untracked 
| 146|0x00000000e9200000, 0x00000000e9200000, 0x00000000e9300000|  0%| F|  |TAMS 0x00000000e9200000, 0x00000000e9200000| Untracked 
| 147|0x00000000e9300000, 0x00000000e9300000, 0x00000000e9400000|  0%| F|  |TAMS 0x00000000e9300000, 0x00000000e9300000| Untracked 
| 148|0x00000000e9400000, 0x00000000e9400000, 0x00000000e9500000|  0%| F|  |TAMS 0x00000000e9400000, 0x00000000e9400000| Untracked 
| 149|0x00000000e9500000, 0x00000000e9500000, 0x00000000e9600000|  0%| F|  |TAMS 0x00000000e9500000, 0x00000000e9500000| Untracked 
| 150|0x00000000e9600000, 0x00000000e9600000, 0x00000000e9700000|  0%| F|  |TAMS 0x00000000e9600000, 0x00000000e9600000| Untracked 
| 151|0x00000000e9700000, 0x00000000e9700000, 0x00000000e9800000|  0%| F|  |TAMS 0x00000000e9700000, 0x00000000e9700000| Untracked 
| 152|0x00000000e9800000, 0x00000000e9800000, 0x00000000e9900000|  0%| F|  |TAMS 0x00000000e9800000, 0x00000000e9800000| Untracked 
| 153|0x00000000e9900000, 0x00000000e9900000, 0x00000000e9a00000|  0%| F|  |TAMS 0x00000000e9900000, 0x00000000e9900000| Untracked 
| 154|0x00000000e9a00000, 0x00000000e9a00000, 0x00000000e9b00000|  0%| F|  |TAMS 0x00000000e9a00000, 0x00000000e9a00000| Untracked 
| 155|0x00000000e9b00000, 0x00000000e9b00000, 0x00000000e9c00000|  0%| F|  |TAMS 0x00000000e9b00000, 0x00000000e9b00000| Untracked 
| 156|0x00000000e9c00000, 0x00000000e9c00000, 0x00000000e9d00000|  0%| F|  |TAMS 0x00000000e9c00000, 0x00000000e9c00000| Untracked 
| 157|0x00000000e9d00000, 0x00000000e9d00000, 0x00000000e9e00000|  0%| F|  |TAMS 0x00000000e9d00000, 0x00000000e9d00000| Untracked 
| 158|0x00000000e9e00000, 0x00000000e9e00000, 0x00000000e9f00000|  0%| F|  |TAMS 0x00000000e9e00000, 0x00000000e9e00000| Untracked 
| 159|0x00000000e9f00000, 0x00000000e9f00000, 0x00000000ea000000|  0%| F|  |TAMS 0x00000000e9f00000, 0x00000000e9f00000| Untracked 
| 160|0x00000000ea000000, 0x00000000ea000000, 0x00000000ea100000|  0%| F|  |TAMS 0x00000000ea000000, 0x00000000ea000000| Untracked 
| 161|0x00000000ea100000, 0x00000000ea100000, 0x00000000ea200000|  0%| F|  |TAMS 0x00000000ea100000, 0x00000000ea100000| Untracked 
| 162|0x00000000ea200000, 0x00000000ea200000, 0x00000000ea300000|  0%| F|  |TAMS 0x00000000ea200000, 0x00000000ea200000| Untracked 
| 163|0x00000000ea300000, 0x00000000ea300000, 0x00000000ea400000|  0%| F|  |TAMS 0x00000000ea300000, 0x00000000ea300000| Untracked 
| 164|0x00000000ea400000, 0x00000000ea400000, 0x00000000ea500000|  0%| F|  |TAMS 0x00000000ea400000, 0x00000000ea400000| Untracked 
| 165|0x00000000ea500000, 0x00000000ea500000, 0x00000000ea600000|  0%| F|  |TAMS 0x00000000ea500000, 0x00000000ea500000| Untracked 
| 166|0x00000000ea600000, 0x00000000ea600000, 0x00000000ea700000|  0%| F|  |TAMS 0x00000000ea600000, 0x00000000ea600000| Untracked 
| 167|0x00000000ea700000, 0x00000000ea700000, 0x00000000ea800000|  0%| F|  |TAMS 0x00000000ea700000, 0x00000000ea700000| Untracked 
| 168|0x00000000ea800000, 0x00000000ea800000, 0x00000000ea900000|  0%| F|  |TAMS 0x00000000ea800000, 0x00000000ea800000| Untracked 
| 169|0x00000000ea900000, 0x00000000ea900000, 0x00000000eaa00000|  0%| F|  |TAMS 0x00000000ea900000, 0x00000000ea900000| Untracked 
| 170|0x00000000eaa00000, 0x00000000eaa00000, 0x00000000eab00000|  0%| F|  |TAMS 0x00000000eaa00000, 0x00000000eaa00000| Untracked 
| 171|0x00000000eab00000, 0x00000000eab00000, 0x00000000eac00000|  0%| F|  |TAMS 0x00000000eab00000, 0x00000000eab00000| Untracked 
| 172|0x00000000eac00000, 0x00000000eac00000, 0x00000000ead00000|  0%| F|  |TAMS 0x00000000eac00000, 0x00000000eac00000| Untracked 
| 173|0x00000000ead00000, 0x00000000ead00000, 0x00000000eae00000|  0%| F|  |TAMS 0x00000000ead00000, 0x00000000ead00000| Untracked 
| 174|0x00000000eae00000, 0x00000000eae00000, 0x00000000eaf00000|  0%| F|  |TAMS 0x00000000eae00000, 0x00000000eae00000| Untracked 
| 175|0x00000000eaf00000, 0x00000000eaf00000, 0x00000000eb000000|  0%| F|  |TAMS 0x00000000eaf00000, 0x00000000eaf00000| Untracked 
| 176|0x00000000eb000000, 0x00000000eb000000, 0x00000000eb100000|  0%| F|  |TAMS 0x00000000eb000000, 0x00000000eb000000| Untracked 
| 177|0x00000000eb100000, 0x00000000eb100000, 0x00000000eb200000|  0%| F|  |TAMS 0x00000000eb100000, 0x00000000eb100000| Untracked 
| 178|0x00000000eb200000, 0x00000000eb200000, 0x00000000eb300000|  0%| F|  |TAMS 0x00000000eb200000, 0x00000000eb200000| Untracked 
| 179|0x00000000eb300000, 0x00000000eb300000, 0x00000000eb400000|  0%| F|  |TAMS 0x00000000eb300000, 0x00000000eb300000| Untracked 
| 180|0x00000000eb400000, 0x00000000eb400000, 0x00000000eb500000|  0%| F|  |TAMS 0x00000000eb400000, 0x00000000eb400000| Untracked 
| 181|0x00000000eb500000, 0x00000000eb500000, 0x00000000eb600000|  0%| F|  |TAMS 0x00000000eb500000, 0x00000000eb500000| Untracked 
| 182|0x00000000eb600000, 0x00000000eb600000, 0x00000000eb700000|  0%| F|  |TAMS 0x00000000eb600000, 0x00000000eb600000| Untracked 
| 183|0x00000000eb700000, 0x00000000eb700000, 0x00000000eb800000|  0%| F|  |TAMS 0x00000000eb700000, 0x00000000eb700000| Untracked 
| 184|0x00000000eb800000, 0x00000000eb800000, 0x00000000eb900000|  0%| F|  |TAMS 0x00000000eb800000, 0x00000000eb800000| Untracked 
| 185|0x00000000eb900000, 0x00000000eb900000, 0x00000000eba00000|  0%| F|  |TAMS 0x00000000eb900000, 0x00000000eb900000| Untracked 
| 186|0x00000000eba00000, 0x00000000eba00000, 0x00000000ebb00000|  0%| F|  |TAMS 0x00000000eba00000, 0x00000000eba00000| Untracked 
| 187|0x00000000ebb00000, 0x00000000ebb00000, 0x00000000ebc00000|  0%| F|  |TAMS 0x00000000ebb00000, 0x00000000ebb00000| Untracked 
| 188|0x00000000ebc00000, 0x00000000ebc00000, 0x00000000ebd00000|  0%| F|  |TAMS 0x00000000ebc00000, 0x00000000ebc00000| Untracked 
| 189|0x00000000ebd00000, 0x00000000ebd00000, 0x00000000ebe00000|  0%| F|  |TAMS 0x00000000ebd00000, 0x00000000ebd00000| Untracked 
| 190|0x00000000ebe00000, 0x00000000ebe00000, 0x00000000ebf00000|  0%| F|  |TAMS 0x00000000ebe00000, 0x00000000ebe00000| Untracked 
| 191|0x00000000ebf00000, 0x00000000ebf00000, 0x00000000ec000000|  0%| F|  |TAMS 0x00000000ebf00000, 0x00000000ebf00000| Untracked 
| 192|0x00000000ec000000, 0x00000000ec000000, 0x00000000ec100000|  0%| F|  |TAMS 0x00000000ec000000, 0x00000000ec000000| Untracked 
| 193|0x00000000ec100000, 0x00000000ec100000, 0x00000000ec200000|  0%| F|  |TAMS 0x00000000ec100000, 0x00000000ec100000| Untracked 
| 194|0x00000000ec200000, 0x00000000ec200000, 0x00000000ec300000|  0%| F|  |TAMS 0x00000000ec200000, 0x00000000ec200000| Untracked 
| 195|0x00000000ec300000, 0x00000000ec300000, 0x00000000ec400000|  0%| F|  |TAMS 0x00000000ec300000, 0x00000000ec300000| Untracked 
| 196|0x00000000ec400000, 0x00000000ec400000, 0x00000000ec500000|  0%| F|  |TAMS 0x00000000ec400000, 0x00000000ec400000| Untracked 
| 197|0x00000000ec500000, 0x00000000ec500000, 0x00000000ec600000|  0%| F|  |TAMS 0x00000000ec500000, 0x00000000ec500000| Untracked 
| 198|0x00000000ec600000, 0x00000000ec600000, 0x00000000ec700000|  0%| F|  |TAMS 0x00000000ec600000, 0x00000000ec600000| Untracked 
| 199|0x00000000ec700000, 0x00000000ec700000, 0x00000000ec800000|  0%| F|  |TAMS 0x00000000ec700000, 0x00000000ec700000| Untracked 
| 200|0x00000000ec800000, 0x00000000ec800000, 0x00000000ec900000|  0%| F|  |TAMS 0x00000000ec800000, 0x00000000ec800000| Untracked 
| 201|0x00000000ec900000, 0x00000000ec900000, 0x00000000eca00000|  0%| F|  |TAMS 0x00000000ec900000, 0x00000000ec900000| Untracked 
| 202|0x00000000eca00000, 0x00000000eca00000, 0x00000000ecb00000|  0%| F|  |TAMS 0x00000000eca00000, 0x00000000eca00000| Untracked 
| 203|0x00000000ecb00000, 0x00000000ecb00000, 0x00000000ecc00000|  0%| F|  |TAMS 0x00000000ecb00000, 0x00000000ecb00000| Untracked 
| 204|0x00000000ecc00000, 0x00000000ecc00000, 0x00000000ecd00000|  0%| F|  |TAMS 0x00000000ecc00000, 0x00000000ecc00000| Untracked 
| 205|0x00000000ecd00000, 0x00000000ecd00000, 0x00000000ece00000|  0%| F|  |TAMS 0x00000000ecd00000, 0x00000000ecd00000| Untracked 
| 206|0x00000000ece00000, 0x00000000ece00000, 0x00000000ecf00000|  0%| F|  |TAMS 0x00000000ece00000, 0x00000000ece00000| Untracked 
| 207|0x00000000ecf00000, 0x00000000ecf00000, 0x00000000ed000000|  0%| F|  |TAMS 0x00000000ecf00000, 0x00000000ecf00000| Untracked 
| 208|0x00000000ed000000, 0x00000000ed000000, 0x00000000ed100000|  0%| F|  |TAMS 0x00000000ed000000, 0x00000000ed000000| Untracked 
| 209|0x00000000ed100000, 0x00000000ed100000, 0x00000000ed200000|  0%| F|  |TAMS 0x00000000ed100000, 0x00000000ed100000| Untracked 
| 210|0x00000000ed200000, 0x00000000ed289e58, 0x00000000ed300000| 53%| E|  |TAMS 0x00000000ed200000, 0x00000000ed200000| Complete 
| 211|0x00000000ed300000, 0x00000000ed400000, 0x00000000ed400000|100%| E|CS|TAMS 0x00000000ed300000, 0x00000000ed300000| Complete 
| 212|0x00000000ed400000, 0x00000000ed500000, 0x00000000ed500000|100%| E|CS|TAMS 0x00000000ed400000, 0x00000000ed400000| Complete 
| 213|0x00000000ed500000, 0x00000000ed600000, 0x00000000ed600000|100%| E|CS|TAMS 0x00000000ed500000, 0x00000000ed500000| Complete 
| 214|0x00000000ed600000, 0x00000000ed700000, 0x00000000ed700000|100%| E|CS|TAMS 0x00000000ed600000, 0x00000000ed600000| Complete 
| 215|0x00000000ed700000, 0x00000000ed800000, 0x00000000ed800000|100%| E|CS|TAMS 0x00000000ed700000, 0x00000000ed700000| Complete 
| 216|0x00000000ed800000, 0x00000000ed900000, 0x00000000ed900000|100%| E|CS|TAMS 0x00000000ed800000, 0x00000000ed800000| Complete 
| 217|0x00000000ed900000, 0x00000000eda00000, 0x00000000eda00000|100%| E|CS|TAMS 0x00000000ed900000, 0x00000000ed900000| Complete 
| 218|0x00000000eda00000, 0x00000000edb00000, 0x00000000edb00000|100%| E|CS|TAMS 0x00000000eda00000, 0x00000000eda00000| Complete 
| 219|0x00000000edb00000, 0x00000000edc00000, 0x00000000edc00000|100%| E|CS|TAMS 0x00000000edb00000, 0x00000000edb00000| Complete 
| 220|0x00000000edc00000, 0x00000000edd00000, 0x00000000edd00000|100%| E|CS|TAMS 0x00000000edc00000, 0x00000000edc00000| Complete 
| 221|0x00000000edd00000, 0x00000000ede00000, 0x00000000ede00000|100%| E|CS|TAMS 0x00000000edd00000, 0x00000000edd00000| Complete 
| 222|0x00000000ede00000, 0x00000000edf00000, 0x00000000edf00000|100%| E|CS|TAMS 0x00000000ede00000, 0x00000000ede00000| Complete 
| 223|0x00000000edf00000, 0x00000000ee000000, 0x00000000ee000000|100%| E|CS|TAMS 0x00000000edf00000, 0x00000000edf00000| Complete 
| 224|0x00000000ee000000, 0x00000000ee100000, 0x00000000ee100000|100%| E|CS|TAMS 0x00000000ee000000, 0x00000000ee000000| Complete 
| 225|0x00000000ee100000, 0x00000000ee200000, 0x00000000ee200000|100%| E|CS|TAMS 0x00000000ee100000, 0x00000000ee100000| Complete 
| 226|0x00000000ee200000, 0x00000000ee300000, 0x00000000ee300000|100%| E|CS|TAMS 0x00000000ee200000, 0x00000000ee200000| Complete 
| 227|0x00000000ee300000, 0x00000000ee400000, 0x00000000ee400000|100%| E|CS|TAMS 0x00000000ee300000, 0x00000000ee300000| Complete 
| 228|0x00000000ee400000, 0x00000000ee500000, 0x00000000ee500000|100%| E|CS|TAMS 0x00000000ee400000, 0x00000000ee400000| Complete 
| 229|0x00000000ee500000, 0x00000000ee600000, 0x00000000ee600000|100%| E|CS|TAMS 0x00000000ee500000, 0x00000000ee500000| Complete 
| 230|0x00000000ee600000, 0x00000000ee700000, 0x00000000ee700000|100%| E|CS|TAMS 0x00000000ee600000, 0x00000000ee600000| Complete 
| 231|0x00000000ee700000, 0x00000000ee800000, 0x00000000ee800000|100%| E|CS|TAMS 0x00000000ee700000, 0x00000000ee700000| Complete 
| 232|0x00000000ee800000, 0x00000000ee900000, 0x00000000ee900000|100%| E|CS|TAMS 0x00000000ee800000, 0x00000000ee800000| Complete 
| 233|0x00000000ee900000, 0x00000000eea00000, 0x00000000eea00000|100%| E|CS|TAMS 0x00000000ee900000, 0x00000000ee900000| Complete 
| 234|0x00000000eea00000, 0x00000000eeb00000, 0x00000000eeb00000|100%| E|CS|TAMS 0x00000000eea00000, 0x00000000eea00000| Complete 
| 235|0x00000000eeb00000, 0x00000000eec00000, 0x00000000eec00000|100%| E|CS|TAMS 0x00000000eeb00000, 0x00000000eeb00000| Complete 
| 236|0x00000000eec00000, 0x00000000eed00000, 0x00000000eed00000|100%| E|CS|TAMS 0x00000000eec00000, 0x00000000eec00000| Complete 
| 237|0x00000000eed00000, 0x00000000eee00000, 0x00000000eee00000|100%| E|CS|TAMS 0x00000000eed00000, 0x00000000eed00000| Complete 
| 238|0x00000000eee00000, 0x00000000eef00000, 0x00000000eef00000|100%| E|CS|TAMS 0x00000000eee00000, 0x00000000eee00000| Complete 
| 239|0x00000000eef00000, 0x00000000ef000000, 0x00000000ef000000|100%| E|CS|TAMS 0x00000000eef00000, 0x00000000eef00000| Complete 
| 240|0x00000000ef000000, 0x00000000ef100000, 0x00000000ef100000|100%| E|CS|TAMS 0x00000000ef000000, 0x00000000ef000000| Complete 
| 241|0x00000000ef100000, 0x00000000ef200000, 0x00000000ef200000|100%| E|CS|TAMS 0x00000000ef100000, 0x00000000ef100000| Complete 
| 242|0x00000000ef200000, 0x00000000ef300000, 0x00000000ef300000|100%| E|CS|TAMS 0x00000000ef200000, 0x00000000ef200000| Complete 
| 243|0x00000000ef300000, 0x00000000ef400000, 0x00000000ef400000|100%| E|CS|TAMS 0x00000000ef300000, 0x00000000ef300000| Complete 
| 244|0x00000000ef400000, 0x00000000ef500000, 0x00000000ef500000|100%| E|CS|TAMS 0x00000000ef400000, 0x00000000ef400000| Complete 
| 245|0x00000000ef500000, 0x00000000ef600000, 0x00000000ef600000|100%| E|CS|TAMS 0x00000000ef500000, 0x00000000ef500000| Complete 
| 246|0x00000000ef600000, 0x00000000ef700000, 0x00000000ef700000|100%| E|CS|TAMS 0x00000000ef600000, 0x00000000ef600000| Complete 
| 247|0x00000000ef700000, 0x00000000ef800000, 0x00000000ef800000|100%| E|CS|TAMS 0x00000000ef700000, 0x00000000ef700000| Complete 
| 248|0x00000000ef800000, 0x00000000ef900000, 0x00000000ef900000|100%| E|CS|TAMS 0x00000000ef800000, 0x00000000ef800000| Complete 
| 249|0x00000000ef900000, 0x00000000efa00000, 0x00000000efa00000|100%| E|CS|TAMS 0x00000000ef900000, 0x00000000ef900000| Complete 
| 250|0x00000000efa00000, 0x00000000efb00000, 0x00000000efb00000|100%| E|CS|TAMS 0x00000000efa00000, 0x00000000efa00000| Complete 
| 251|0x00000000efb00000, 0x00000000efc00000, 0x00000000efc00000|100%| E|CS|TAMS 0x00000000efb00000, 0x00000000efb00000| Complete 
| 252|0x00000000efc00000, 0x00000000efd00000, 0x00000000efd00000|100%| E|CS|TAMS 0x00000000efc00000, 0x00000000efc00000| Complete 
| 253|0x00000000efd00000, 0x00000000efe00000, 0x00000000efe00000|100%| E|CS|TAMS 0x00000000efd00000, 0x00000000efd00000| Complete 
| 254|0x00000000efe00000, 0x00000000eff00000, 0x00000000eff00000|100%| E|CS|TAMS 0x00000000efe00000, 0x00000000efe00000| Complete 
| 255|0x00000000eff00000, 0x00000000f0000000, 0x00000000f0000000|100%| E|CS|TAMS 0x00000000eff00000, 0x00000000eff00000| Complete 

Card table byte_map: [0x0000019baea70000,0x0000019baeb70000] _byte_map_base: 0x0000019bae370000

Marking Bits (Prev, Next): (CMBitMap*) 0x0000019b95401478, (CMBitMap*) 0x0000019b954014b0
 Prev Bits: [0x0000019baec70000, 0x0000019baf470000)
 Next Bits: [0x0000019baf470000, 0x0000019bafc70000)

Polling page: 0x0000019b95260000

Metaspace:

Usage:
  Non-class:     35.10 MB capacity,    34.52 MB ( 98%) used,   512.98 KB (  1%) free+waste,    85.63 KB ( <1%) overhead. 
      Class:      5.26 MB capacity,     4.96 MB ( 94%) used,   269.54 KB (  5%) free+waste,    41.25 KB ( <1%) overhead. 
       Both:     40.37 MB capacity,    39.48 MB ( 98%) used,   782.52 KB (  2%) free+waste,   126.88 KB ( <1%) overhead. 

Virtual space:
  Non-class space:       36.00 MB reserved,      35.33 MB ( 98%) committed 
      Class space:      248.00 MB reserved,       5.38 MB (  2%) committed 
             Both:      284.00 MB reserved,      40.70 MB ( 14%) committed 

Chunk freelists:
   Non-Class:  39.00 KB
       Class:  0 bytes
        Both:  39.00 KB

MaxMetaspaceSize: 256.00 MB
CompressedClassSpaceSize: 248.00 MB
Initial GC threshold: 20.80 MB
Current GC threshold: 58.88 MB
CDS: off

CodeHeap 'non-profiled nmethods': size=120064Kb used=2095Kb max_used=2095Kb free=117968Kb
 bounds [0x0000019ba6e10000, 0x0000019ba7080000, 0x0000019bae350000]
CodeHeap 'profiled nmethods': size=120000Kb used=7645Kb max_used=7645Kb free=112354Kb
 bounds [0x0000019b9f8e0000, 0x0000019ba0060000, 0x0000019ba6e10000]
CodeHeap 'non-nmethods': size=5696Kb used=2263Kb max_used=2306Kb free=3432Kb
 bounds [0x0000019b9f350000, 0x0000019b9f5c0000, 0x0000019b9f8e0000]
 total_blobs=4444 nmethods=3692 adapters=664
 compilation: enabled
              stopped_count=0, restarted_count=0
 full_count=0

Compilation events (20 events):
Event: 50.617 Thread 0x0000019bb22ab000 nmethod 3693 0x0000019ba7019e10 code [0x0000019ba701a060, 0x0000019ba701ab00]
Event: 50.724 Thread 0x0000019bb22ab000 3696       4       org.gradle.api.internal.file.archive.impl.JdkZipEntry::getName (8 bytes)
Event: 50.724 Thread 0x0000019bb22ab000 nmethod 3696 0x0000019ba701b790 code [0x0000019ba701b920, 0x0000019ba701b9b8]
Event: 52.564 Thread 0x0000019bb22ae800 3697       3       java.util.WeakHashMap$HashIterator::hasNext (95 bytes)
Event: 52.565 Thread 0x0000019bb22ae800 nmethod 3697 0x0000019ba0052710 code [0x0000019ba0052900, 0x0000019ba0052e58]
Event: 52.565 Thread 0x0000019bb22ae800 3700       3       java.util.WeakHashMap$Entry::getKey (8 bytes)
Event: 52.565 Thread 0x0000019bb22ae800 nmethod 3700 0x0000019ba0053010 code [0x0000019ba00531c0, 0x0000019ba0053438]
Event: 52.565 Thread 0x0000019bb22ae800 3698       3       java.util.WeakHashMap$KeyIterator::next (8 bytes)
Event: 52.565 Thread 0x0000019bb22ae800 nmethod 3698 0x0000019ba0053510 code [0x0000019ba00536e0, 0x0000019ba0053a68]
Event: 52.565 Thread 0x0000019bb22ae800 3699       3       java.util.WeakHashMap$HashIterator::nextEntry (81 bytes)
Event: 52.566 Thread 0x0000019bb22ae800 nmethod 3699 0x0000019ba0053b90 code [0x0000019ba0053da0, 0x0000019ba0054308]
Event: 52.566 Thread 0x0000019bb22ae800 3701       3       java.util.WeakHashMap::unmaskNull (13 bytes)
Event: 52.566 Thread 0x0000019bb22ae800 nmethod 3701 0x0000019ba0054490 code [0x0000019ba0054640, 0x0000019ba0054778]
Event: 52.567 Thread 0x0000019bb22ab000 3702       4       java.util.WeakHashMap$HashIterator::hasNext (95 bytes)
Event: 52.569 Thread 0x0000019bb22ae800 3705       3       java.util.zip.Inflater$InflaterZStreamRef::clean (10 bytes)
Event: 52.569 Thread 0x0000019bb22ae800 nmethod 3705 0x0000019ba0054810 code [0x0000019ba00549c0, 0x0000019ba0054b88]
Event: 52.569 Thread 0x0000019bb22ae800 3706  s    3       java.util.zip.Inflater$InflaterZStreamRef::run (21 bytes)
Event: 52.569 Thread 0x0000019bb22ae800 nmethod 3706 0x0000019ba0054c90 code [0x0000019ba0054e60, 0x0000019ba0055148]
Event: 52.569 Thread 0x0000019bb22ae800 3707   !   3       java.util.zip.Inflater::end (37 bytes)
Event: 52.570 Thread 0x0000019bb22ae800 nmethod 3707 0x0000019ba0055210 code [0x0000019ba00553e0, 0x0000019ba0055868]

GC Heap History (14 events):
Event: 2.510 GC heap before
{Heap before GC invocations=0 (full 0):
 garbage-first heap   total 262144K, used 19456K [0x00000000e0000000, 0x0000000100000000)
  region size 1024K, 14 young (14336K), 0 survivors (0K)
 Metaspace       used 6981K, capacity 7211K, committed 7424K, reserved 262144K
  class space    used 598K, capacity 681K, committed 768K, reserved 253952K
}
Event: 2.723 GC heap after
{Heap after GC invocations=1 (full 0):
 garbage-first heap   total 262144K, used 7995K [0x00000000e0000000, 0x0000000100000000)
  region size 1024K, 2 young (2048K), 2 survivors (2048K)
 Metaspace       used 6981K, capacity 7211K, committed 7424K, reserved 262144K
  class space    used 598K, capacity 681K, committed 768K, reserved 253952K
}
Event: 5.764 GC heap before
{Heap before GC invocations=1 (full 0):
 garbage-first heap   total 262144K, used 52027K [0x00000000e0000000, 0x0000000100000000)
  region size 1024K, 46 young (47104K), 2 survivors (2048K)
 Metaspace       used 10793K, capacity 11015K, committed 11264K, reserved 264192K
  class space    used 1096K, capacity 1163K, committed 1280K, reserved 253952K
}
Event: 5.770 GC heap after
{Heap after GC invocations=2 (full 0):
 garbage-first heap   total 262144K, used 12711K [0x00000000e0000000, 0x0000000100000000)
  region size 1024K, 6 young (6144K), 6 survivors (6144K)
 Metaspace       used 10793K, capacity 11015K, committed 11264K, reserved 264192K
  class space    used 1096K, capacity 1163K, committed 1280K, reserved 253952K
}
Event: 10.723 GC heap before
{Heap before GC invocations=2 (full 0):
 garbage-first heap   total 262144K, used 57767K [0x00000000e0000000, 0x0000000100000000)
  region size 1024K, 50 young (51200K), 6 survivors (6144K)
 Metaspace       used 18297K, capacity 18766K, committed 18944K, reserved 272384K
  class space    used 2145K, capacity 2301K, committed 2304K, reserved 253952K
}
Event: 10.730 GC heap after
{Heap after GC invocations=3 (full 0):
 garbage-first heap   total 262144K, used 16245K [0x00000000e0000000, 0x0000000100000000)
  region size 1024K, 4 young (4096K), 4 survivors (4096K)
 Metaspace       used 18297K, capacity 18766K, committed 18944K, reserved 272384K
  class space    used 2145K, capacity 2301K, committed 2304K, reserved 253952K
}
Event: 11.187 GC heap before
{Heap before GC invocations=3 (full 0):
 garbage-first heap   total 262144K, used 33653K [0x00000000e0000000, 0x0000000100000000)
  region size 1024K, 22 young (22528K), 4 survivors (4096K)
 Metaspace       used 20629K, capacity 21155K, committed 21296K, reserved 274432K
  class space    used 2476K, capacity 2655K, committed 2688K, reserved 253952K
}
Event: 11.192 GC heap after
{Heap after GC invocations=4 (full 0):
 garbage-first heap   total 262144K, used 16876K [0x00000000e0000000, 0x0000000100000000)
  region size 1024K, 4 young (4096K), 4 survivors (4096K)
 Metaspace       used 20629K, capacity 21155K, committed 21296K, reserved 274432K
  class space    used 2476K, capacity 2655K, committed 2688K, reserved 253952K
}
Event: 27.221 GC heap before
{Heap before GC invocations=5 (full 0):
 garbage-first heap   total 262144K, used 92652K [0x00000000e0000000, 0x0000000100000000)
  region size 1024K, 61 young (62464K), 4 survivors (4096K)
 Metaspace       used 26257K, capacity 26929K, committed 27184K, reserved 278528K
  class space    used 3358K, capacity 3612K, committed 3712K, reserved 253952K
}
Event: 27.228 GC heap after
{Heap after GC invocations=6 (full 0):
 garbage-first heap   total 262144K, used 38881K [0x00000000e0000000, 0x0000000100000000)
  region size 1024K, 8 young (8192K), 8 survivors (8192K)
 Metaspace       used 26257K, capacity 26929K, committed 27184K, reserved 278528K
  class space    used 3358K, capacity 3612K, committed 3712K, reserved 253952K
}
Event: 32.440 GC heap before
{Heap before GC invocations=6 (full 0):
 garbage-first heap   total 262144K, used 111585K [0x00000000e0000000, 0x0000000100000000)
  region size 1024K, 67 young (68608K), 8 survivors (8192K)
 Metaspace       used 35009K, capacity 35845K, committed 35920K, reserved 286720K
  class space    used 4484K, capacity 4808K, committed 4864K, reserved 253952K
}
Event: 32.451 GC heap after
{Heap after GC invocations=7 (full 0):
 garbage-first heap   total 262144K, used 56176K [0x00000000e0000000, 0x0000000100000000)
  region size 1024K, 9 young (9216K), 9 survivors (9216K)
 Metaspace       used 35009K, capacity 35845K, committed 35920K, reserved 286720K
  class space    used 4484K, capacity 4808K, committed 4864K, reserved 253952K
}
Event: 50.097 GC heap before
{Heap before GC invocations=8 (full 0):
 garbage-first heap   total 262144K, used 201584K [0x00000000e0000000, 0x0000000100000000)
  region size 1024K, 146 young (149504K), 9 survivors (9216K)
 Metaspace       used 40408K, capacity 41335K, committed 41680K, reserved 290816K
  class space    used 5075K, capacity 5390K, committed 5504K, reserved 253952K
}
Event: 50.151 GC heap after
{Heap after GC invocations=9 (full 0):
 garbage-first heap   total 262144K, used 92953K [0x00000000e0000000, 0x0000000100000000)
  region size 1024K, 19 young (19456K), 19 survivors (19456K)
 Metaspace       used 40408K, capacity 41335K, committed 41680K, reserved 290816K
  class space    used 5075K, capacity 5390K, committed 5504K, reserved 253952K
}

Deoptimization events (20 events):
Event: 35.864 Thread 0x0000019bbc38f800 Uncommon trap: trap_request=0xffffffbe fr.pc=0x0000019ba6faa970 relative=0x0000000000000890
Event: 35.864 Thread 0x0000019bbc38f800 Uncommon trap: reason=profile_predicate action=maybe_recompile pc=0x0000019ba6faa970 method=java.lang.PublicMethods$MethodList.filter([Ljava/lang/reflect/Method;Ljava/lang/String;[Ljava/lang/Class;Z)Ljava/lang/PublicMethods$MethodList; @ 21 c2
Event: 35.864 Thread 0x0000019bbc38f800 DEOPT PACKING pc=0x0000019ba6faa970 sp=0x0000005f9edf89d0
Event: 35.864 Thread 0x0000019bbc38f800 DEOPT UNPACKING pc=0x0000019b9f39a1af sp=0x0000005f9edf8978 mode 2
Event: 35.944 Thread 0x0000019bbc38f800 Uncommon trap: trap_request=0xffffffbe fr.pc=0x0000019ba6faa970 relative=0x0000000000000890
Event: 35.944 Thread 0x0000019bbc38f800 Uncommon trap: reason=profile_predicate action=maybe_recompile pc=0x0000019ba6faa970 method=java.lang.PublicMethods$MethodList.filter([Ljava/lang/reflect/Method;Ljava/lang/String;[Ljava/lang/Class;Z)Ljava/lang/PublicMethods$MethodList; @ 21 c2
Event: 35.944 Thread 0x0000019bbc38f800 DEOPT PACKING pc=0x0000019ba6faa970 sp=0x0000005f9edf5c70
Event: 35.944 Thread 0x0000019bbc38f800 DEOPT UNPACKING pc=0x0000019b9f39a1af sp=0x0000005f9edf5c18 mode 2
Event: 38.362 Thread 0x0000019bbc38f800 Uncommon trap: trap_request=0xffffffcc fr.pc=0x0000019ba6fe92c8 relative=0x00000000000010a8
Event: 38.363 Thread 0x0000019bbc38f800 Uncommon trap: reason=intrinsic_or_type_checked_inlining action=make_not_entrant pc=0x0000019ba6fe92c8 method=java.util.ArrayList.toArray([Ljava/lang/Object;)[Ljava/lang/Object; @ 36 c2
Event: 38.363 Thread 0x0000019bbc38f800 DEOPT PACKING pc=0x0000019ba6fe92c8 sp=0x0000005f9edfbaf0
Event: 38.363 Thread 0x0000019bbc38f800 DEOPT UNPACKING pc=0x0000019b9f39a1af sp=0x0000005f9edfba50 mode 2
Event: 38.366 Thread 0x0000019bbc38f800 DEOPT PACKING pc=0x0000019b9fc483e8 sp=0x0000005f9edfae60
Event: 38.366 Thread 0x0000019bbc38f800 DEOPT UNPACKING pc=0x0000019b9f39a95e sp=0x0000005f9edfa368 mode 0
Event: 41.774 Thread 0x0000019bbc38f800 DEOPT PACKING pc=0x0000019b9f98ac34 sp=0x0000005f9edfa8a0
Event: 41.774 Thread 0x0000019bbc38f800 DEOPT UNPACKING pc=0x0000019b9f39a95e sp=0x0000005f9edf9df0 mode 0
Event: 46.172 Thread 0x0000019bbc38f800 DEOPT PACKING pc=0x0000019b9fc16e0f sp=0x0000005f9edfa560
Event: 46.172 Thread 0x0000019bbc38f800 DEOPT UNPACKING pc=0x0000019b9f39a95e sp=0x0000005f9edf9980 mode 0
Event: 50.255 Thread 0x0000019bbce70000 DEOPT PACKING pc=0x0000019b9fc483e8 sp=0x0000005f9ebfe3a0
Event: 50.255 Thread 0x0000019bbce70000 DEOPT UNPACKING pc=0x0000019b9f39a95e sp=0x0000005f9ebfd8a8 mode 0

Classes redefined (0 events):
No events

Internal exceptions (20 events):
Event: 36.015 Thread 0x0000019bbc38f800 Exception <a 'java/lang/ClassNotFoundException'{0x00000000ee5fbb80}: org/gradle/api/internal/artifacts/dsl/dependencies/DefaultDependencyHandler_DecoratedCustomizer> (0x00000000ee5fbb80) thrown at [./src/hotspot/share/classfile/systemDictionary.cpp, line 230]
Event: 36.018 Thread 0x0000019bbc38f800 Exception <a 'java/lang/ClassNotFoundException'{0x00000000ee436d38}: sync_studio_tooling2321_cqrh12t1y7rbzm3n4g6i4z0yr$_run_closure1BeanInfo> (0x00000000ee436d38) thrown at [./src/hotspot/share/classfile/systemDictionary.cpp, line 230]
Event: 36.018 Thread 0x0000019bbc38f800 Exception <a 'java/lang/ClassNotFoundException'{0x00000000ee43d0d8}: sync_studio_tooling2321_cqrh12t1y7rbzm3n4g6i4z0yr$_run_closure1Customizer> (0x00000000ee43d0d8) thrown at [./src/hotspot/share/classfile/systemDictionary.cpp, line 230]
Event: 36.159 Thread 0x0000019bbc38f800 Exception <a 'java/lang/NoSuchMethodError'{0x00000000edf8c980}: 'java.lang.Object java.lang.invoke.DirectMethodHandle$Holder.invokeStatic(java.lang.Object, int, java.lang.Object)'> (0x00000000edf8c980) thrown at [./src/hotspot/share/interpreter/linkResolver.cpp, line 773]
Event: 36.238 Thread 0x0000019bbc38f800 Exception <a 'java/lang/NoSuchMethodError'{0x00000000ed8532d8}: 'java.lang.Object java.lang.invoke.DirectMethodHandle$Holder.invokeStatic(java.lang.Object, java.lang.Object, java.lang.Object, int)'> (0x00000000ed8532d8) thrown at [./src/hotspot/share/interpreter/linkResolver.cpp, line 773]
Event: 36.238 Thread 0x0000019bbc38f800 Exception <a 'java/lang/NoSuchMethodError'{0x00000000ed8578f0}: 'java.lang.Object java.lang.invoke.DirectMethodHandle$Holder.invokeSpecial(java.lang.Object, java.lang.Object, java.lang.Object, java.lang.Object, int)'> (0x00000000ed8578f0) thrown at [./src/hotspot/share/interpreter/linkResolver.cpp, line 773]
Event: 36.239 Thread 0x0000019bbc38f800 Exception <a 'java/lang/NoSuchMethodError'{0x00000000ed85b828}: 'java.lang.Object java.lang.invoke.Invokers$Holder.linkToTargetMethod(java.lang.Object, java.lang.Object, int, java.lang.Object)'> (0x00000000ed85b828) thrown at [./src/hotspot/share/interpreter/linkResolver.cpp, line 773]
Event: 36.243 Thread 0x0000019bbc38f800 Exception <a 'java/lang/NoSuchMethodError'{0x00000000ed8a4768}: 'int java.lang.invoke.DirectMethodHandle$Holder.invokeInterface(java.lang.Object, java.lang.Object)'> (0x00000000ed8a4768) thrown at [./src/hotspot/share/interpreter/linkResolver.cpp, line 773]
Event: 36.243 Thread 0x0000019bbc38f800 Exception <a 'java/lang/IncompatibleClassChangeError'{0x00000000ed8a7fa0}: Found class java.lang.Object, but interface was expected> (0x00000000ed8a7fa0) thrown at [./src/hotspot/share/interpreter/linkResolver.cpp, line 839]
Event: 36.288 Thread 0x0000019bbc38f800 Exception <a 'java/lang/NoSuchMethodError'{0x00000000ed62ab88}: 'java.lang.Object java.lang.invoke.Invokers$Holder.linkToTargetMethod(java.lang.Object, int, java.lang.Object)'> (0x00000000ed62ab88) thrown at [./src/hotspot/share/interpreter/linkResolver.cpp, line 773]
Event: 36.344 Thread 0x0000019bbc38f800 Exception <a 'java/lang/NoSuchMethodError'{0x00000000ed396730}: 'int java.lang.invoke.DirectMethodHandle$Holder.invokeStaticInit(java.lang.Object)'> (0x00000000ed396730) thrown at [./src/hotspot/share/interpreter/linkResolver.cpp, line 773]
Event: 38.124 Thread 0x0000019bbd1d7000 Exception <a 'sun/nio/fs/WindowsException'{0x00000000ed1a1cd8}> (0x00000000ed1a1cd8) thrown at [./src/hotspot/share/prims/jni.cpp, line 617]
Event: 38.218 Thread 0x0000019bbd1d7000 Exception <a 'sun/nio/fs/WindowsException'{0x00000000ed1a1eb8}> (0x00000000ed1a1eb8) thrown at [./src/hotspot/share/prims/jni.cpp, line 617]
Event: 38.323 Thread 0x0000019bbc38f800 Exception <a 'java/lang/ClassNotFoundException'{0x00000000ed043520}: sync_studio_tooling2321_cqrh12t1y7rbzm3n4g6i4z0yrBeanInfo> (0x00000000ed043520) thrown at [./src/hotspot/share/classfile/systemDictionary.cpp, line 230]
Event: 38.323 Thread 0x0000019bbc38f800 Exception <a 'java/lang/ClassNotFoundException'{0x00000000ed04d640}: sync_studio_tooling2321_cqrh12t1y7rbzm3n4g6i4z0yrCustomizer> (0x00000000ed04d640) thrown at [./src/hotspot/share/classfile/systemDictionary.cpp, line 230]
Event: 41.782 Thread 0x0000019bbc38f800 Exception <a 'java/lang/ClassNotFoundException'{0x00000000ece6fbb0}: ijinit_8bfgqdg4qcrk6g3nnk6kb4vi4BeanInfo> (0x00000000ece6fbb0) thrown at [./src/hotspot/share/classfile/systemDictionary.cpp, line 230]
Event: 41.783 Thread 0x0000019bbc38f800 Exception <a 'java/lang/ClassNotFoundException'{0x00000000ece78ce0}: ijinit_8bfgqdg4qcrk6g3nnk6kb4vi4Customizer> (0x00000000ece78ce0) thrown at [./src/hotspot/share/classfile/systemDictionary.cpp, line 230]
Event: 41.794 Thread 0x0000019bbc38f800 Exception <a 'java/lang/ClassNotFoundException'{0x00000000ecef3c30}: ijinit_8bfgqdg4qcrk6g3nnk6kb4vi4$_run_closure1BeanInfo> (0x00000000ecef3c30) thrown at [./src/hotspot/share/classfile/systemDictionary.cpp, line 230]
Event: 41.794 Thread 0x0000019bbc38f800 Exception <a 'java/lang/ClassNotFoundException'{0x00000000ecef9ef8}: ijinit_8bfgqdg4qcrk6g3nnk6kb4vi4$_run_closure1Customizer> (0x00000000ecef9ef8) thrown at [./src/hotspot/share/classfile/systemDictionary.cpp, line 230]
Event: 52.563 Thread 0x0000019bbc38f800 Exception <a 'java/lang/OutOfMemoryError'{0x00000000ed27cfc0}> (0x00000000ed27cfc0) thrown at [./src/hotspot/share/prims/jni.cpp, line 638]

Events (20 events):
Event: 45.404 loading class org/gradle/api/internal/changedetection/state/ZipHasher$ZipEntryRelativePath
Event: 45.404 loading class org/gradle/api/internal/changedetection/state/ZipHasher$ZipEntryRelativePath done
Event: 45.404 loading class org/gradle/api/internal/changedetection/state/ZipEntryContext
Event: 45.404 loading class org/gradle/api/internal/changedetection/state/ZipEntryContext done
Event: 45.623 Executing VM operation: RevokeBias
Event: 45.624 Executing VM operation: RevokeBias done
Event: 45.624 Executing VM operation: RevokeBias
Event: 45.624 Executing VM operation: RevokeBias done
Event: 45.989 Executing VM operation: RevokeBias
Event: 45.989 Executing VM operation: RevokeBias done
Event: 50.094 loading class org/gradle/api/internal/changedetection/state/ZipHasher$1
Event: 50.094 loading class org/gradle/api/internal/changedetection/state/ZipHasher$1 done
Event: 50.097 Executing VM operation: G1CollectForAllocation
Event: 50.152 Executing VM operation: G1CollectForAllocation done
Event: 52.563 loading class java/util/zip/DataFormatException
Event: 52.563 loading class java/util/zip/DataFormatException done
Event: 52.564 loading class java/util/WeakHashMap$KeyIterator
Event: 52.564 loading class java/util/WeakHashMap$HashIterator
Event: 52.564 loading class java/util/WeakHashMap$HashIterator done
Event: 52.564 loading class java/util/WeakHashMap$KeyIterator done


Dynamic libraries:
0x00007ff746ec0000 - 0x00007ff746ecd000 	C:\Users\\.jdks\corretto-11.0.15\bin\java.exe
0x00007ff84d3d0000 - 0x00007ff84d5c7000 	C:\WINDOWS\SYSTEM32\ntdll.dll
0x00007ff84d110000 - 0x00007ff84d1cd000 	C:\WINDOWS\System32\KERNEL32.DLL
0x00007ff84ad40000 - 0x00007ff84b00d000 	C:\WINDOWS\System32\KERNELBASE.dll
0x00007ff84aba0000 - 0x00007ff84aca0000 	C:\WINDOWS\System32\ucrtbase.dll
0x00007ff824ca0000 - 0x00007ff824cb7000 	C:\Users\\.jdks\corretto-11.0.15\bin\jli.dll
0x00007ff84c9a0000 - 0x00007ff84cb40000 	C:\WINDOWS\System32\USER32.dll
0x00007ff84b2a0000 - 0x00007ff84b2c2000 	C:\WINDOWS\System32\win32u.dll
0x00007ff84bab0000 - 0x00007ff84bada000 	C:\WINDOWS\System32\GDI32.dll
0x00007ff84b190000 - 0x00007ff84b29b000 	C:\WINDOWS\System32\gdi32full.dll
0x00007ff84aca0000 - 0x00007ff84ad3d000 	C:\WINDOWS\System32\msvcp_win.dll
0x00007ff8252a0000 - 0x00007ff8252b9000 	C:\Users\\.jdks\corretto-11.0.15\bin\VCRUNTIME140.dll
0x00007ff83ab40000 - 0x00007ff83adda000 	C:\WINDOWS\WinSxS\amd64_microsoft.windows.common-controls_6595b64144ccf1df_6.0.19041.1110_none_60b5254171f9507e\COMCTL32.dll
0x00007ff84c380000 - 0x00007ff84c41e000 	C:\WINDOWS\System32\msvcrt.dll
0x00007ff84b710000 - 0x00007ff84b740000 	C:\WINDOWS\System32\IMM32.DLL
0x00007fffeba60000 - 0x00007fffebafb000 	C:\Users\\.jdks\corretto-11.0.15\bin\msvcp140.dll
0x00007fffeabc0000 - 0x00007fffeb743000 	C:\Users\\.jdks\corretto-11.0.15\bin\server\jvm.dll
0x00007ff84b430000 - 0x00007ff84b4de000 	C:\WINDOWS\System32\ADVAPI32.dll
0x00007ff84b540000 - 0x00007ff84b5dc000 	C:\WINDOWS\System32\sechost.dll
0x00007ff84b5e0000 - 0x00007ff84b705000 	C:\WINDOWS\System32\RPCRT4.dll
0x00007ff84b740000 - 0x00007ff84b748000 	C:\WINDOWS\System32\PSAPI.DLL
0x00007ff819760000 - 0x00007ff819769000 	C:\WINDOWS\SYSTEM32\WSOCK32.dll
0x00007ff84c310000 - 0x00007ff84c37b000 	C:\WINDOWS\System32\WS2_32.dll
0x00007ff842560000 - 0x00007ff842587000 	C:\WINDOWS\SYSTEM32\WINMM.dll
0x00007ff843050000 - 0x00007ff84305a000 	C:\WINDOWS\SYSTEM32\VERSION.dll
0x00007ff848930000 - 0x00007ff848942000 	C:\WINDOWS\SYSTEM32\kernel.appcore.dll
0x00007ff831530000 - 0x00007ff831540000 	C:\Users\\.jdks\corretto-11.0.15\bin\verify.dll
0x00007ff8400b0000 - 0x00007ff840294000 	C:\WINDOWS\SYSTEM32\DBGHELP.DLL
0x00007ff837270000 - 0x00007ff83729c000 	C:\WINDOWS\SYSTEM32\dbgcore.DLL
0x00007ff84b0b0000 - 0x00007ff84b132000 	C:\WINDOWS\System32\bcryptPrimitives.dll
0x00007ff81c420000 - 0x00007ff81c448000 	C:\Users\\.jdks\corretto-11.0.15\bin\java.dll
0x00007ff82b020000 - 0x00007ff82b02a000 	C:\Users\\.jdks\corretto-11.0.15\bin\jimage.dll
0x00007ff8242f0000 - 0x00007ff824308000 	C:\Users\\.jdks\corretto-11.0.15\bin\zip.dll
0x00007ff84bb60000 - 0x00007ff84c2a4000 	C:\WINDOWS\System32\SHELL32.dll
0x00007ff848c10000 - 0x00007ff8493a4000 	C:\WINDOWS\SYSTEM32\windows.storage.dll
0x00007ff84b750000 - 0x00007ff84baa4000 	C:\WINDOWS\System32\combase.dll
0x00007ff84a480000 - 0x00007ff84a4ac000 	C:\WINDOWS\SYSTEM32\Wldp.dll
0x00007ff84c420000 - 0x00007ff84c4cd000 	C:\WINDOWS\System32\SHCORE.dll
0x00007ff84d0b0000 - 0x00007ff84d105000 	C:\WINDOWS\System32\shlwapi.dll
0x00007ff84aa30000 - 0x00007ff84aa4f000 	C:\WINDOWS\SYSTEM32\profapi.dll
0x00007ff823870000 - 0x00007ff823889000 	C:\Users\\.jdks\corretto-11.0.15\bin\net.dll
0x00007ff841fa0000 - 0x00007ff8420aa000 	C:\WINDOWS\SYSTEM32\WINHTTP.dll
0x00007ff84a1e0000 - 0x00007ff84a24a000 	C:\WINDOWS\system32\mswsock.dll
0x00007ff823040000 - 0x00007ff823053000 	C:\Users\\.jdks\corretto-11.0.15\bin\nio.dll
0x00007ff8236c0000 - 0x00007ff8236e6000 	C:\Users\\.gradle\native\fdc75f09e3144964f2cf3f50f0aa648679c211496f362492102eb8c894070792\windows-amd64\native-platform.dll
0x00007ff800ea0000 - 0x00007ff801031000 	C:\Users\\.gradle\native\12488b8bf47d2d4c9fbf2f6322a914ad602e24e48041cd04a747c6da556b65c4\windows-amd64\native-platform-file-events.dll
0x00007ff846390000 - 0x00007ff846399000 	C:\Users\\.jdks\corretto-11.0.15\bin\management.dll
0x00007ff846360000 - 0x00007ff84636b000 	C:\Users\\.jdks\corretto-11.0.15\bin\management_ext.dll
0x00007ff84a3d0000 - 0x00007ff84a3e8000 	C:\WINDOWS\SYSTEM32\CRYPTSP.dll
0x00007ff849b60000 - 0x00007ff849b94000 	C:\WINDOWS\system32\rsaenh.dll
0x00007ff84b080000 - 0x00007ff84b0a7000 	C:\WINDOWS\System32\bcrypt.dll
0x00007ff84a9f0000 - 0x00007ff84aa1e000 	C:\WINDOWS\SYSTEM32\USERENV.dll
0x00007ff84a3f0000 - 0x00007ff84a3fc000 	C:\WINDOWS\SYSTEM32\CRYPTBASE.dll
0x00007ff849ed0000 - 0x00007ff849f0b000 	C:\WINDOWS\SYSTEM32\IPHLPAPI.DLL
0x00007ff84cf50000 - 0x00007ff84cf58000 	C:\WINDOWS\System32\NSI.dll
0x00007ff842fe0000 - 0x00007ff842ff7000 	C:\WINDOWS\SYSTEM32\dhcpcsvc6.DLL
0x00007ff842f80000 - 0x00007ff842f9d000 	C:\WINDOWS\SYSTEM32\dhcpcsvc.DLL
0x00007ff849f10000 - 0x00007ff849fdb000 	C:\WINDOWS\SYSTEM32\DNSAPI.dll
0x00007ff843070000 - 0x00007ff84307b000 	C:\WINDOWS\SYSTEM32\WINNSI.DLL

dbghelp: loaded successfully - version: 4.0.5 - missing functions: none
symbol engine: initialized successfully - sym options: 0x614 - pdb path: .;C:\Users\\.jdks\corretto-11.0.15\bin;C:\WINDOWS\SYSTEM32;C:\WINDOWS\WinSxS\amd64_microsoft.windows.common-controls_6595b64144ccf1df_6.0.19041.1110_none_60b5254171f9507e;C:\Users\\.jdks\corretto-11.0.15\bin\server;C:\Users\\.gradle\native\fdc75f09e3144964f2cf3f50f0aa648679c211496f362492102eb8c894070792\windows-amd64;C:\Users\\.gradle\native\12488b8bf47d2d4c9fbf2f6322a914ad602e24e48041cd04a747c6da556b65c4\windows-amd64

VM Arguments:
jvm_args: --add-opens=java.base/java.util=ALL-UNNAMED --add-opens=java.base/java.lang=ALL-UNNAMED --add-opens=java.base/java.lang.invoke=ALL-UNNAMED --add-opens=java.prefs/java.util.prefs=ALL-UNNAMED -XX:MaxMetaspaceSize=256m -XX:+HeapDumpOnOutOfMemoryError -Xms256m -Xmx512m -Dfile.encoding=windows-1251 -Duser.country=US -Duser.language=en -Duser.variant 
java_command: org.gradle.launcher.daemon.bootstrap.GradleDaemon 6.7
java_class_path (initial): C:\Users\\.gradle\wrapper\dists\gradle-6.7-bin\efvqh8uyq79v2n7rcncuhu9sv\gradle-6.7\lib\gradle-launcher-6.7.jar
Launcher Type: SUN_STANDARD

[Global flags]
     intx CICompilerCount                          = 3                                         {product} {ergonomic}
   size_t CompressedClassSpaceSize                 = 260046848                                 {product} {ergonomic}
     uint ConcGCThreads                            = 1                                         {product} {ergonomic}
     uint G1ConcRefinementThreads                  = 4                                         {product} {ergonomic}
   size_t G1HeapRegionSize                         = 1048576                                   {product} {ergonomic}
    uintx GCDrainStackTargetSize                   = 64                                        {product} {ergonomic}
     bool HeapDumpOnOutOfMemoryError               = true                                   {manageable} {command line}
   size_t InitialHeapSize                          = 268435456                                 {product} {command line}
   size_t MarkStackSize                            = 4194304                                   {product} {ergonomic}
   size_t MaxHeapSize                              = 536870912                                 {product} {command line}
   size_t MaxMetaspaceSize                         = 268435456                                 {product} {command line}
   size_t MaxNewSize                               = 321912832                                 {product} {ergonomic}
   size_t MinHeapDeltaBytes                        = 1048576                                   {product} {ergonomic}
    uintx NonNMethodCodeHeapSize                   = 5830732                                {pd product} {ergonomic}
    uintx NonProfiledCodeHeapSize                  = 122913754                              {pd product} {ergonomic}
    uintx ProfiledCodeHeapSize                     = 122913754                              {pd product} {ergonomic}
    uintx ReservedCodeCacheSize                    = 251658240                              {pd product} {ergonomic}
     bool SegmentedCodeCache                       = true                                      {product} {ergonomic}
     bool UseCompressedClassPointers               = true                                 {lp64_product} {ergonomic}
     bool UseCompressedOops                        = true                                 {lp64_product} {ergonomic}
     bool UseG1GC                                  = true                                      {product} {ergonomic}
     bool UseLargePagesIndividualAllocation        = false                                  {pd product} {ergonomic}

Logging:
Log output configuration:
 #0: stdout all=warning uptime,level,tags
 #1: stderr all=off uptime,level,tags

Environment Variables:
PATH=C:\Program Files\Eclipse Adoptium\jdk-11.0.14.101-hotspot\bin;C:\Windows\system32;C:\Windows;C:\Windows\System32\Wbem;C:\Windows\System32\WindowsPowerShell\v1.0\;C:\Windows\System32\OpenSSH\;C:\Program Files\NVIDIA Corporation\NVIDIA NvDLISR;C:\Program Files\Common Files\Autodesk Shared\;C:\WINDOWS\system32 C:\Python33;C:\WINDOWS;C:\WINDOWS\System32\Wbem;C:\WINDOWS\System32\WindowsPowerShell\v1.0\;C:\WINDOWS\System32\OpenSSH\;C:\Program Files (x86)\NVIDIA Corporation\PhysX\Common;C:\Users\\PICT\;C:\Program Files\Git\cmd;C:\Users\\AppData\Local\Microsoft\WindowsApps;C:\Program Files\JetBrains\PyCharm Community Edition 2020.3.5\bin;C:\Users\\AppData\Local\JetBrains\Toolbox\scripts
USERNAME=Alex
OS=Windows_NT
PROCESSOR_IDENTIFIER=Intel64 Family 6 Model 42 Stepping 7, GenuineIntel



---------------  S Y S T E M  ---------------

OS: Windows 10 , 64 bit Build 19041 (10.0.19041.1741)
OS uptime: 0 days 5:27 hours

CPU:total 4 (initial active 4) (4 cores per cpu, 1 threads per core) family 6 model 42 stepping 7 microcode 0x2f, cmov, cx8, fxsr, mmx, sse, sse2, sse3, ssse3, sse4.1, sse4.2, popcnt, avx, aes, clmul, tsc, tscinvbit

Memory: 4k page, system-wide physical 8153M (313M free)
TotalPageFile size 19673M (AvailPageFile size 552M)
current process WorkingSet (physical memory assigned to process): 363M, peak: 405M
current process commit charge ("private bytes"): 690M, peak: 780M

vm_info: OpenJDK 64-Bit Server VM (11.0.15+9-LTS) for windows-amd64 JRE (11.0.15+9-LTS), built on Apr 15 2022 22:20:31 by "Administrator" with unknown MS VC++:1916

END.
